Executing: /software/hprc/Matlab/R2017a/bin/worker 

                            < M A T L A B (R) >
                  Copyright 1984-2017 The MathWorks, Inc.
                   R2017a (9.2.0.538062) 64-bit (glnxa64)
                             February 23, 2017

 
To get started, type one of these: helpwin, helpdesk, or demo.
For product information, visit www.mathworks.com.
 
2019-06-01 22:50:09 | About to evaluate task with DistcompEvaluateFileTask
2019-06-01 22:50:09 | Enter distcomp_evaluate_filetask_core
2019-06-01 22:50:09 | Enter distcomp_evaluate_filetask_core/iSetup
2019-06-01 22:50:10 | This process will exit on any fault.
2019-06-01 22:50:10 | This process will exit when its parent process dies.
2019-06-01 22:50:10 | About to call decode function.
2019-06-01 22:50:10 | In parallel.cluster.generic.independentDecodeFcn
2019-06-01 22:50:10 | Setting the desktop client to a new client with username 
2019-06-01 22:50:10 | About to construct the storage object using constructor "makeFileStorageObject" and location "/scratch/user/vedang.deshpande/MatlabJobs/TAMUREMOTE"
2019-06-01 22:50:12 | About to find job and task using locations "Job2" and "Job2/Task1"
2019-06-01 22:50:13 | Setting the TaskEvaluator to the CJSStreamingEvaluator
2019-06-01 22:50:13 | Setting number of computational threads to 4.
2019-06-01 22:50:13 | MATLAB Drive Enabled 0
2019-06-01 22:50:13 | Completed pre-execution phase
2019-06-01 22:50:13 | About to pPreJobEvaluate
Warning: The system time zone setting, 'US/Central', does not specify a single time zone unambiguously. It will be treated as 'America/Chicago'. See the <a href="matlab:doc('datetime.TimeZone')">datetime.TimeZone property</a> for details about specifying time zones.
> In verifyTimeZone (line 23)
  In datetime (line 515)
  In preCJSJob
  In parallel.job.CJSIndependentJob/pPreJobEvaluate (line 121)
  In dctEvaluateTask (line 23)
  In distcomp_evaluate_filetask_core>iDoTask (line 153)
  In distcomp_evaluate_filetask_core (line 52)
2019-06-01 22:50:14 | About to pPreTaskEvaluate
2019-06-01 22:50:14 | About to add job dependencies
2019-06-01 22:50:14 | > JobPathHelper.addAdditionalPaths
2019-06-01 22:50:14 | > JobPathHelper.getPathsToAdd
2019-06-01 22:50:14 | < JobPathHelper.getPathsToAdd ~isMATLABDriveEnabledOnWorker
2019-06-01 22:50:14 | Not adding path dependencies as there is no change required to the path.
2019-06-01 22:50:14 | < JobPathHelper.addAdditionalPaths
2019-06-01 22:50:14 | About to add dependencies to path:
C:/_WORK_SPACE/test_py/UKF/MATLAB/data/trained_NN_complete_data.mat
C:/_WORK_SPACE/test_py/UKF/MATLAB/utils/backprop.m
C:/_WORK_SPACE/test_py/UKF/MATLAB/utils/biasup.m
C:/_WORK_SPACE/test_py/UKF/MATLAB/utils/CderW.m
C:/_WORK_SPACE/test_py/UKF/MATLAB/utils/EnKF.m
C:/_WORK_SPACE/test_py/UKF/MATLAB/utils/eq_wsamples.m
C:/_WORK_SPACE/test_py/UKF/MATLAB/utils/forwardprop.m
C:/_WORK_SPACE/test_py/UKF/MATLAB/utils/getSigmaPts.m
C:/_WORK_SPACE/test_py/UKF/MATLAB/utils/measModel.m
C:/_WORK_SPACE/test_py/UKF/MATLAB/utils/multipleEpochEKF.m
C:/_WORK_SPACE/test_py/UKF/MATLAB/utils/multipleEpochEKFv1.m
C:/_WORK_SPACE/test_py/UKF/MATLAB/utils/multipleEpochEnKF.m
C:/_WORK_SPACE/test_py/UKF/MATLAB/utils/multipleEpochEnKFv1.m
C:/_WORK_SPACE/test_py/UKF/MATLAB/utils/multipleEpochOTF.m
C:/_WORK_SPACE/test_py/UKF/MATLAB/utils/multipleEpochUKF.m
C:/_WORK_SPACE/test_py/UKF/MATLAB/utils/multipleEpochUKFv1.m
C:/_WORK_SPACE/test_py/UKF/MATLAB/utils/nn2param.m
C:/_WORK_SPACE/test_py/UKF/MATLAB/utils/NNconstruct.m
C:/_WORK_SPACE/test_py/UKF/MATLAB/utils/nnJacobian.m
C:/_WORK_SPACE/test_py/UKF/MATLAB/utils/OTF.m
C:/_WORK_SPACE/test_py/UKF/MATLAB/utils/param2nn.m
C:/_WORK_SPACE/test_py/UKF/MATLAB/utils/sigmoid.m
C:/_WORK_SPACE/test_py/UKF/MATLAB/utils/sigmoidot.m
C:/_WORK_SPACE/test_py/UKF/MATLAB/utils/weightbiasup.m
C:/_WORK_SPACE/test_py/UKF/MATLAB/utils/weightup.m
C:/_WORK_SPACE/cvx/functions/vec_/vec.m
C:/_WORK_SPACE/test_py/UKF/MATLAB/OT_codes/others/fig1codes/enkf_samples.m
C:/_WORK_SPACE/test_py/UKF/MATLAB/OT_codes/others/fig1codes/eq_wsamples.m
C:/_WORK_SPACE/test_py/UKF/MATLAB/test/trainingUsingFilters_HPRC.m

2019-06-01 22:50:14 | Adding dependency paths:
/tmp/tpe824f2ea_82c9_4ed8_b650_7da97a030042rp8829/a/tp986399d5_2d2a_4efc_b287_8ad7b1fd715a
/tmp/tpe824f2ea_82c9_4ed8_b650_7da97a030042rp8829/a/tp986399d5_2d2a_4efc_b287_8ad7b1fd715a/vec.m
/tmp/tpe824f2ea_82c9_4ed8_b650_7da97a030042rp8829/a/tp0efc9d32_e112_4248_ab88_70562c639fc9
/tmp/tpe824f2ea_82c9_4ed8_b650_7da97a030042rp8829/a/tp0efc9d32_e112_4248_ab88_70562c639fc9/enkf_samples.m
/tmp/tpe824f2ea_82c9_4ed8_b650_7da97a030042rp8829/a/tpedfd8326_6d92_4563_9739_fc163d038e03
/tmp/tpe824f2ea_82c9_4ed8_b650_7da97a030042rp8829/a/tpedfd8326_6d92_4563_9739_fc163d038e03/trained_NN_complete_data.mat
/tmp/tpe824f2ea_82c9_4ed8_b650_7da97a030042rp8829/a/tpce244807_d594_4afb_a115_bd60854ed5da
/tmp/tpe824f2ea_82c9_4ed8_b650_7da97a030042rp8829/a/tpce244807_d594_4afb_a115_bd60854ed5da/trainingUsingFilters_HPRC.m
/tmp/tpe824f2ea_82c9_4ed8_b650_7da97a030042rp8829/a/tp24195b06_564e_4a36_ba5d_005c29fffc30
/tmp/tpe824f2ea_82c9_4ed8_b650_7da97a030042rp8829/a/tp24195b06_564e_4a36_ba5d_005c29fffc30/CderW.m

2019-06-01 22:50:14 | Replacing C:/_WORK_SPACE/test_py/UKF/MATLAB/data/trained_NN_complete_data.mat with tpedfd8326_6d92_4563_9739_fc163d038e03/trained_NN_complete_data.mat in C:/_WORK_SPACE/test_py/UKF/MATLAB/data/trained_NN_complete_data.mat
2019-06-01 22:50:14 | Replacing C:/_WORK_SPACE/test_py/UKF/MATLAB/utils with tp24195b06_564e_4a36_ba5d_005c29fffc30 in C:/_WORK_SPACE/test_py/UKF/MATLAB/utils/backprop.m
2019-06-01 22:50:14 | Replacing C:/_WORK_SPACE/test_py/UKF/MATLAB/utils with tp24195b06_564e_4a36_ba5d_005c29fffc30 in C:/_WORK_SPACE/test_py/UKF/MATLAB/utils/biasup.m
2019-06-01 22:50:14 | Replacing C:/_WORK_SPACE/test_py/UKF/MATLAB/utils/CderW.m with tp24195b06_564e_4a36_ba5d_005c29fffc30/CderW.m in C:/_WORK_SPACE/test_py/UKF/MATLAB/utils/CderW.m
2019-06-01 22:50:14 | Replacing C:/_WORK_SPACE/test_py/UKF/MATLAB/utils with tp24195b06_564e_4a36_ba5d_005c29fffc30 in C:/_WORK_SPACE/test_py/UKF/MATLAB/utils/EnKF.m
2019-06-01 22:50:14 | Replacing C:/_WORK_SPACE/test_py/UKF/MATLAB/utils with tp24195b06_564e_4a36_ba5d_005c29fffc30 in C:/_WORK_SPACE/test_py/UKF/MATLAB/utils/eq_wsamples.m
2019-06-01 22:50:14 | Replacing C:/_WORK_SPACE/test_py/UKF/MATLAB/utils with tp24195b06_564e_4a36_ba5d_005c29fffc30 in C:/_WORK_SPACE/test_py/UKF/MATLAB/utils/forwardprop.m
2019-06-01 22:50:14 | Replacing C:/_WORK_SPACE/test_py/UKF/MATLAB/utils with tp24195b06_564e_4a36_ba5d_005c29fffc30 in C:/_WORK_SPACE/test_py/UKF/MATLAB/utils/getSigmaPts.m
2019-06-01 22:50:14 | Replacing C:/_WORK_SPACE/test_py/UKF/MATLAB/utils with tp24195b06_564e_4a36_ba5d_005c29fffc30 in C:/_WORK_SPACE/test_py/UKF/MATLAB/utils/measModel.m
2019-06-01 22:50:14 | Replacing C:/_WORK_SPACE/test_py/UKF/MATLAB/utils with tp24195b06_564e_4a36_ba5d_005c29fffc30 in C:/_WORK_SPACE/test_py/UKF/MATLAB/utils/multipleEpochEKF.m
2019-06-01 22:50:14 | Replacing C:/_WORK_SPACE/test_py/UKF/MATLAB/utils with tp24195b06_564e_4a36_ba5d_005c29fffc30 in C:/_WORK_SPACE/test_py/UKF/MATLAB/utils/multipleEpochEKFv1.m
2019-06-01 22:50:14 | Replacing C:/_WORK_SPACE/test_py/UKF/MATLAB/utils with tp24195b06_564e_4a36_ba5d_005c29fffc30 in C:/_WORK_SPACE/test_py/UKF/MATLAB/utils/multipleEpochEnKF.m
2019-06-01 22:50:14 | Replacing C:/_WORK_SPACE/test_py/UKF/MATLAB/utils with tp24195b06_564e_4a36_ba5d_005c29fffc30 in C:/_WORK_SPACE/test_py/UKF/MATLAB/utils/multipleEpochEnKFv1.m
2019-06-01 22:50:14 | Replacing C:/_WORK_SPACE/test_py/UKF/MATLAB/utils with tp24195b06_564e_4a36_ba5d_005c29fffc30 in C:/_WORK_SPACE/test_py/UKF/MATLAB/utils/multipleEpochOTF.m
2019-06-01 22:50:14 | Replacing C:/_WORK_SPACE/test_py/UKF/MATLAB/utils with tp24195b06_564e_4a36_ba5d_005c29fffc30 in C:/_WORK_SPACE/test_py/UKF/MATLAB/utils/multipleEpochUKF.m
2019-06-01 22:50:14 | Replacing C:/_WORK_SPACE/test_py/UKF/MATLAB/utils with tp24195b06_564e_4a36_ba5d_005c29fffc30 in C:/_WORK_SPACE/test_py/UKF/MATLAB/utils/multipleEpochUKFv1.m
2019-06-01 22:50:14 | Replacing C:/_WORK_SPACE/test_py/UKF/MATLAB/utils with tp24195b06_564e_4a36_ba5d_005c29fffc30 in C:/_WORK_SPACE/test_py/UKF/MATLAB/utils/nn2param.m
2019-06-01 22:50:14 | Replacing C:/_WORK_SPACE/test_py/UKF/MATLAB/utils with tp24195b06_564e_4a36_ba5d_005c29fffc30 in C:/_WORK_SPACE/test_py/UKF/MATLAB/utils/NNconstruct.m
2019-06-01 22:50:14 | Replacing C:/_WORK_SPACE/test_py/UKF/MATLAB/utils with tp24195b06_564e_4a36_ba5d_005c29fffc30 in C:/_WORK_SPACE/test_py/UKF/MATLAB/utils/nnJacobian.m
2019-06-01 22:50:14 | Replacing C:/_WORK_SPACE/test_py/UKF/MATLAB/utils with tp24195b06_564e_4a36_ba5d_005c29fffc30 in C:/_WORK_SPACE/test_py/UKF/MATLAB/utils/OTF.m
2019-06-01 22:50:14 | Replacing C:/_WORK_SPACE/test_py/UKF/MATLAB/utils with tp24195b06_564e_4a36_ba5d_005c29fffc30 in C:/_WORK_SPACE/test_py/UKF/MATLAB/utils/param2nn.m
2019-06-01 22:50:14 | Replacing C:/_WORK_SPACE/test_py/UKF/MATLAB/utils with tp24195b06_564e_4a36_ba5d_005c29fffc30 in C:/_WORK_SPACE/test_py/UKF/MATLAB/utils/sigmoid.m
2019-06-01 22:50:14 | Replacing C:/_WORK_SPACE/test_py/UKF/MATLAB/utils with tp24195b06_564e_4a36_ba5d_005c29fffc30 in C:/_WORK_SPACE/test_py/UKF/MATLAB/utils/sigmoidot.m
2019-06-01 22:50:14 | Replacing C:/_WORK_SPACE/test_py/UKF/MATLAB/utils with tp24195b06_564e_4a36_ba5d_005c29fffc30 in C:/_WORK_SPACE/test_py/UKF/MATLAB/utils/weightbiasup.m
2019-06-01 22:50:14 | Replacing C:/_WORK_SPACE/test_py/UKF/MATLAB/utils with tp24195b06_564e_4a36_ba5d_005c29fffc30 in C:/_WORK_SPACE/test_py/UKF/MATLAB/utils/weightup.m
2019-06-01 22:50:14 | Replacing C:/_WORK_SPACE/cvx/functions/vec_/vec.m with tp986399d5_2d2a_4efc_b287_8ad7b1fd715a/vec.m in C:/_WORK_SPACE/cvx/functions/vec_/vec.m
2019-06-01 22:50:14 | Replacing C:/_WORK_SPACE/test_py/UKF/MATLAB/OT_codes/others/fig1codes/enkf_samples.m with tp0efc9d32_e112_4248_ab88_70562c639fc9/enkf_samples.m in C:/_WORK_SPACE/test_py/UKF/MATLAB/OT_codes/others/fig1codes/enkf_samples.m
2019-06-01 22:50:14 | Replacing C:/_WORK_SPACE/test_py/UKF/MATLAB/OT_codes/others/fig1codes with tp0efc9d32_e112_4248_ab88_70562c639fc9 in C:/_WORK_SPACE/test_py/UKF/MATLAB/OT_codes/others/fig1codes/eq_wsamples.m
2019-06-01 22:50:14 | Replacing C:/_WORK_SPACE/test_py/UKF/MATLAB/test/trainingUsingFilters_HPRC.m with tpce244807_d594_4afb_a115_bd60854ed5da/trainingUsingFilters_HPRC.m in C:/_WORK_SPACE/test_py/UKF/MATLAB/test/trainingUsingFilters_HPRC.m
2019-06-01 22:50:14 | Created dependency map:
  C:/_WORK_SPACE/test_py/UKF/MATLAB/data/trained_NN_complete_data.mat -> /tmp/tpe824f2ea_82c9_4ed8_b650_7da97a030042rp8829/a/tpedfd8326_6d92_4563_9739_fc163d038e03/trained_NN_complete_data.mat
  C:/_WORK_SPACE/test_py/UKF/MATLAB/utils/backprop.m -> /tmp/tpe824f2ea_82c9_4ed8_b650_7da97a030042rp8829/a/tp24195b06_564e_4a36_ba5d_005c29fffc30/backprop.m
  C:/_WORK_SPACE/test_py/UKF/MATLAB/utils/biasup.m -> /tmp/tpe824f2ea_82c9_4ed8_b650_7da97a030042rp8829/a/tp24195b06_564e_4a36_ba5d_005c29fffc30/biasup.m
  C:/_WORK_SPACE/test_py/UKF/MATLAB/utils/CderW.m -> /tmp/tpe824f2ea_82c9_4ed8_b650_7da97a030042rp8829/a/tp24195b06_564e_4a36_ba5d_005c29fffc30/CderW.m
  C:/_WORK_SPACE/test_py/UKF/MATLAB/utils/EnKF.m -> /tmp/tpe824f2ea_82c9_4ed8_b650_7da97a030042rp8829/a/tp24195b06_564e_4a36_ba5d_005c29fffc30/EnKF.m
  C:/_WORK_SPACE/test_py/UKF/MATLAB/utils/eq_wsamples.m -> /tmp/tpe824f2ea_82c9_4ed8_b650_7da97a030042rp8829/a/tp24195b06_564e_4a36_ba5d_005c29fffc30/eq_wsamples.m
  C:/_WORK_SPACE/test_py/UKF/MATLAB/utils/forwardprop.m -> /tmp/tpe824f2ea_82c9_4ed8_b650_7da97a030042rp8829/a/tp24195b06_564e_4a36_ba5d_005c29fffc30/forwardprop.m
  C:/_WORK_SPACE/test_py/UKF/MATLAB/utils/getSigmaPts.m -> /tmp/tpe824f2ea_82c9_4ed8_b650_7da97a030042rp8829/a/tp24195b06_564e_4a36_ba5d_005c29fffc30/getSigmaPts.m
  C:/_WORK_SPACE/test_py/UKF/MATLAB/utils/measModel.m -> /tmp/tpe824f2ea_82c9_4ed8_b650_7da97a030042rp8829/a/tp24195b06_564e_4a36_ba5d_005c29fffc30/measModel.m
  C:/_WORK_SPACE/test_py/UKF/MATLAB/utils/multipleEpochEKF.m -> /tmp/tpe824f2ea_82c9_4ed8_b650_7da97a030042rp8829/a/tp24195b06_564e_4a36_ba5d_005c29fffc30/multipleEpochEKF.m
  C:/_WORK_SPACE/test_py/UKF/MATLAB/utils/multipleEpochEKFv1.m -> /tmp/tpe824f2ea_82c9_4ed8_b650_7da97a030042rp8829/a/tp24195b06_564e_4a36_ba5d_005c29fffc30/multipleEpochEKFv1.m
  C:/_WORK_SPACE/test_py/UKF/MATLAB/utils/multipleEpochEnKF.m -> /tmp/tpe824f2ea_82c9_4ed8_b650_7da97a030042rp8829/a/tp24195b06_564e_4a36_ba5d_005c29fffc30/multipleEpochEnKF.m
  C:/_WORK_SPACE/test_py/UKF/MATLAB/utils/multipleEpochEnKFv1.m -> /tmp/tpe824f2ea_82c9_4ed8_b650_7da97a030042rp8829/a/tp24195b06_564e_4a36_ba5d_005c29fffc30/multipleEpochEnKFv1.m
  C:/_WORK_SPACE/test_py/UKF/MATLAB/utils/multipleEpochOTF.m -> /tmp/tpe824f2ea_82c9_4ed8_b650_7da97a030042rp8829/a/tp24195b06_564e_4a36_ba5d_005c29fffc30/multipleEpochOTF.m
  C:/_WORK_SPACE/test_py/UKF/MATLAB/utils/multipleEpochUKF.m -> /tmp/tpe824f2ea_82c9_4ed8_b650_7da97a030042rp8829/a/tp24195b06_564e_4a36_ba5d_005c29fffc30/multipleEpochUKF.m
  C:/_WORK_SPACE/test_py/UKF/MATLAB/utils/multipleEpochUKFv1.m -> /tmp/tpe824f2ea_82c9_4ed8_b650_7da97a030042rp8829/a/tp24195b06_564e_4a36_ba5d_005c29fffc30/multipleEpochUKFv1.m
  C:/_WORK_SPACE/test_py/UKF/MATLAB/utils/nn2param.m -> /tmp/tpe824f2ea_82c9_4ed8_b650_7da97a030042rp8829/a/tp24195b06_564e_4a36_ba5d_005c29fffc30/nn2param.m
  C:/_WORK_SPACE/test_py/UKF/MATLAB/utils/NNconstruct.m -> /tmp/tpe824f2ea_82c9_4ed8_b650_7da97a030042rp8829/a/tp24195b06_564e_4a36_ba5d_005c29fffc30/NNconstruct.m
  C:/_WORK_SPACE/test_py/UKF/MATLAB/utils/nnJacobian.m -> /tmp/tpe824f2ea_82c9_4ed8_b650_7da97a030042rp8829/a/tp24195b06_564e_4a36_ba5d_005c29fffc30/nnJacobian.m
  C:/_WORK_SPACE/test_py/UKF/MATLAB/utils/OTF.m -> /tmp/tpe824f2ea_82c9_4ed8_b650_7da97a030042rp8829/a/tp24195b06_564e_4a36_ba5d_005c29fffc30/OTF.m
  C:/_WORK_SPACE/test_py/UKF/MATLAB/utils/param2nn.m -> /tmp/tpe824f2ea_82c9_4ed8_b650_7da97a030042rp8829/a/tp24195b06_564e_4a36_ba5d_005c29fffc30/param2nn.m
  C:/_WORK_SPACE/test_py/UKF/MATLAB/utils/sigmoid.m -> /tmp/tpe824f2ea_82c9_4ed8_b650_7da97a030042rp8829/a/tp24195b06_564e_4a36_ba5d_005c29fffc30/sigmoid.m
  C:/_WORK_SPACE/test_py/UKF/MATLAB/utils/sigmoidot.m -> /tmp/tpe824f2ea_82c9_4ed8_b650_7da97a030042rp8829/a/tp24195b06_564e_4a36_ba5d_005c29fffc30/sigmoidot.m
  C:/_WORK_SPACE/test_py/UKF/MATLAB/utils/weightbiasup.m -> /tmp/tpe824f2ea_82c9_4ed8_b650_7da97a030042rp8829/a/tp24195b06_564e_4a36_ba5d_005c29fffc30/weightbiasup.m
  C:/_WORK_SPACE/test_py/UKF/MATLAB/utils/weightup.m -> /tmp/tpe824f2ea_82c9_4ed8_b650_7da97a030042rp8829/a/tp24195b06_564e_4a36_ba5d_005c29fffc30/weightup.m
  C:/_WORK_SPACE/cvx/functions/vec_/vec.m -> /tmp/tpe824f2ea_82c9_4ed8_b650_7da97a030042rp8829/a/tp986399d5_2d2a_4efc_b287_8ad7b1fd715a/vec.m
  C:/_WORK_SPACE/test_py/UKF/MATLAB/OT_codes/others/fig1codes/enkf_samples.m -> /tmp/tpe824f2ea_82c9_4ed8_b650_7da97a030042rp8829/a/tp0efc9d32_e112_4248_ab88_70562c639fc9/enkf_samples.m
  C:/_WORK_SPACE/test_py/UKF/MATLAB/OT_codes/others/fig1codes/eq_wsamples.m -> /tmp/tpe824f2ea_82c9_4ed8_b650_7da97a030042rp8829/a/tp0efc9d32_e112_4248_ab88_70562c639fc9/eq_wsamples.m
  C:/_WORK_SPACE/test_py/UKF/MATLAB/test/trainingUsingFilters_HPRC.m -> /tmp/tpe824f2ea_82c9_4ed8_b650_7da97a030042rp8829/a/tpce244807_d594_4afb_a115_bd60854ed5da/trainingUsingFilters_HPRC.m

2019-06-01 22:50:15 | Calling clear('functions'), and closing simulink models
2019-06-01 22:50:15 | About to call jobStartup
2019-06-01 22:50:15 | About to push FileWriter on stack
2019-06-01 22:50:15 | FileWriter popped off stack
2019-06-01 22:50:15 | About to call taskStartup
2019-06-01 22:50:15 | About to push FileWriter on stack
2019-06-01 22:50:15 | FileWriter popped off stack
2019-06-01 22:50:15 | About to get evaluation data
2019-06-01 22:50:15 | Begin task function
2019-06-01 22:50:15 | About to push FileWriter on stack
/home/vedang.deshpande/.lsbatch/1559447359.8374687: line 8:  8829 Bus error               (core dumped) /scratch/user/vedang.deshpande/MatlabJobs/TAMUREMOTE/Job2/rindependentJobWrapper.sh

------------------------------------------------------------
Sender: LSF System <lsfadmin@nxt1938>
Subject: Job 8374687: <Job2.1> in cluster <Main_Compute> Exited

Job <Job2.1> was submitted from host <login4> by user <vedang.deshpande> in cluster <Main_Compute>.
Job was executed on host(s) <1*nxt1938>, in queue <mn_small>, as user <vedang.deshpande> in cluster <Main_Compute>.
                            <1*nxt2055>
                            <1*nxt1901>
                            <1*nxt2054>
</home/vedang.deshpande> was used as the home directory.
</general/home/vedang.deshpande> was used as the working directory.
Started at Sat Jun  1 22:49:20 2019
Results reported on Sat Jun  1 22:50:43 2019

Your job looked like:

------------------------------------------------------------
# LSBATCH: User input
/scratch/user/vedang.deshpande/MatlabJobs/TAMUREMOTE/Job2/rindependentJobWrapper.sh
------------------------------------------------------------

TERM_MEMLIMIT: job killed after reaching LSF memory usage limit.
Exited with exit code 135.

Resource usage summary:

    CPU time :                                   58.95 sec.
    Max Memory :                                 8000 MB
    Average Memory :                             2461.58 MB
    Total Requested Memory :                     32000.00 MB
    Delta Memory :                               24000.00 MB
    Max Processes :                              3
    Max Threads :                                32

The output (if any) is above this job summary.

