
Currently Loaded Modules:
  1) Matlab/R2017a



MDCE_MATLAB_EXE=/software/hprc/Matlab/R2017a/bin/worker
MDCE_JOB_LOCATION=Job11
MDCE_DECODE_FUNCTION=parallel.cluster.generic.communicatingDecodeFcn
MDCE_MATLAB_ARGS=-parallel
MDCE_CMR=/software/hprc/Matlab/R2017a
MDCE_TOTAL_TASKS=4
MDCE_STORAGE_CONSTRUCTOR=makeFileStorageObject
MDCE_STORAGE_LOCATION=/scratch/user/vedang.deshpande/MatlabJobs/TAMUREMOTE
MDCE_DEBUG=true
MDCE_MATLAB_EXE=/software/hprc/Matlab/R2017a/bin/worker
MATLABDIR=/software/hprc/Matlab
MATLABROOT=/software/hprc/Matlab/R2017a
MATLABCLUSTER=ada
MATLABVERSION=R2017a
MDCE_MATLAB_ARGS=-parallel
/software/lsf/9.1/linux2.6-glibc2.3-x86_64/bin:/software/hprc/Matlab/bin:/software/hprc/Matlab/R2017a/bin:/software/lsf/9.1/linux2.6-glibc2.3-x86_64/etc:/opt/TurboVNC/bin:/software/tamusc/local/bin:/usr/lib64/qt-3.3/bin:/usr/local/bin:/bin:/usr/bin:/usr/lpp/mmfs/bin:/opt/ibutils/bin
Calculating SMPD_HOSTS and MACHINE_ARG
Starting SMPD on  nxt1357 ...
ssh -o StrictHostKeyChecking=no -o UserKnownHostsFile=/dev/null nxt1357 "/software/hprc/Matlab/R2017a/bin/mw_smpd" -s -phrase MATLAB -port 24697
Warning: Permanently added 'nxt1357,10.70.13.57' (RSA) to the list of known hosts.
All SMPDs launched
"/software/hprc/Matlab/R2017a/bin/mw_mpiexec" -phrase MATLAB -port 24697 -l -hosts 1 nxt1357 4 -genvlist MDCE_DECODE_FUNCTION,MDCE_STORAGE_LOCATION,MDCE_STORAGE_CONSTRUCTOR,MDCE_JOB_LOCATION,MDCE_DEBUG,MDCE_LICENSE_NUMBER,MLM_WEB_LICENSE,MLM_WEB_USER_CRED,MLM_WEB_ID "/software/hprc/Matlab/R2017a/bin/worker" -parallel
[3]                            < M A T L A B (R) >
[3]                  Copyright 1984-2017 The MathWorks, Inc.
[3]                   R2017a (9.2.0.538062) 64-bit (glnxa64)
[3]                             February 23, 2017
[2]                            < M A T L A B (R) >
[2]                  Copyright 1984-2017 The MathWorks, Inc.
[2]                   R2017a (9.2.0.538062) 64-bit (glnxa64)
[2]                             February 23, 2017
[1]                            < M A T L A B (R) >
[1]                  Copyright 1984-2017 The MathWorks, Inc.
[1]                   R2017a (9.2.0.538062) 64-bit (glnxa64)
[1]                             February 23, 2017
[0]                            < M A T L A B (R) >
[0]                  Copyright 1984-2017 The MathWorks, Inc.
[0]                   R2017a (9.2.0.538062) 64-bit (glnxa64)
[0]                             February 23, 2017
[3] 
[3]To get started, type one of these: helpwin, helpdesk, or demo.
[3]For product information, visit www.mathworks.com.
[3] 
[3]... Interactive Matlab session, multi threading reduced to 4
[2] 
[2]To get started, type one of these: helpwin, helpdesk, or demo.
[2]For product information, visit www.mathworks.com.
[2] 
[2]... Interactive Matlab session, multi threading reduced to 4
[1] 
[1]To get started, type one of these: helpwin, helpdesk, or demo.
[1]For product information, visit www.mathworks.com.
[1] 
[1]... Interactive Matlab session, multi threading reduced to 4
[0] 
[0]To get started, type one of these: helpwin, helpdesk, or demo.
[0]For product information, visit www.mathworks.com.
[0] 
[0]... Interactive Matlab session, multi threading reduced to 4
[1]2019-06-01 23:42:48 | About to evaluate task with DistcompEvaluateFileTask
[0]2019-06-01 23:42:48 | About to evaluate task with DistcompEvaluateFileTask
[3]2019-06-01 23:42:48 | About to evaluate task with DistcompEvaluateFileTask
[2]2019-06-01 23:42:48 | About to evaluate task with DistcompEvaluateFileTask
[2]2019-06-01 23:42:48 | Enter distcomp_evaluate_filetask_core
[1]2019-06-01 23:42:48 | Enter distcomp_evaluate_filetask_core
[0]2019-06-01 23:42:48 | Enter distcomp_evaluate_filetask_core
[3]2019-06-01 23:42:48 | Enter distcomp_evaluate_filetask_core
[2]2019-06-01 23:42:48 | Enter distcomp_evaluate_filetask_core/iSetup
[3]2019-06-01 23:42:48 | Enter distcomp_evaluate_filetask_core/iSetup
[0]2019-06-01 23:42:48 | Enter distcomp_evaluate_filetask_core/iSetup
[1]2019-06-01 23:42:48 | Enter distcomp_evaluate_filetask_core/iSetup
[2]2019-06-01 23:42:48 | This process will exit on any fault.
[3]2019-06-01 23:42:48 | This process will exit on any fault.
[1]2019-06-01 23:42:48 | This process will exit on any fault.
[0]2019-06-01 23:42:48 | This process will exit on any fault.
[2]2019-06-01 23:42:48 | This process will exit when its parent process dies.
[0]2019-06-01 23:42:48 | This process will exit when its parent process dies.
[1]2019-06-01 23:42:48 | This process will exit when its parent process dies.
[3]2019-06-01 23:42:48 | This process will exit when its parent process dies.
[2]2019-06-01 23:42:48 | About to initialize MPI.
[3]2019-06-01 23:42:48 | About to initialize MPI.
[1]2019-06-01 23:42:48 | About to initialize MPI.
[0]2019-06-01 23:42:48 | About to initialize MPI.
[0]2019-06-01 23:42:48 | About to call mpiParallelSessionStarting.
[3]2019-06-01 23:42:48 | About to call mpiParallelSessionStarting.
[1]2019-06-01 23:42:48 | About to call mpiParallelSessionStarting.
[2]2019-06-01 23:42:48 | About to call mpiParallelSessionStarting.
[2]2019-06-01 23:42:48 | Finished initializing MPI.
[3]2019-06-01 23:42:48 | Finished initializing MPI.
[1]2019-06-01 23:42:48 | Finished initializing MPI.
[0]2019-06-01 23:42:48 | Finished initializing MPI.
[1]2019-06-01 23:42:48 | About to call decode function.
[0]2019-06-01 23:42:48 | About to call decode function.
[3]2019-06-01 23:42:48 | About to call decode function.
[2]2019-06-01 23:42:48 | About to call decode function.
[1]2019-06-01 23:42:48 | In parallel.cluster.generic.communicatingDecodeFcn
[3]2019-06-01 23:42:48 | In parallel.cluster.generic.communicatingDecodeFcn
[0]2019-06-01 23:42:48 | In parallel.cluster.generic.communicatingDecodeFcn
[2]2019-06-01 23:42:48 | In parallel.cluster.generic.communicatingDecodeFcn
[2]2019-06-01 23:42:49 | Setting the desktop client to a new client with username 
[1]2019-06-01 23:42:49 | Setting the desktop client to a new client with username 
[0]2019-06-01 23:42:49 | Setting the desktop client to a new client with username 
[3]2019-06-01 23:42:49 | Setting the desktop client to a new client with username 
[2]2019-06-01 23:42:49 | About to construct the storage object using constructor "makeFileStorageObject" and location "/scratch/user/vedang.deshpande/MatlabJobs/TAMUREMOTE"
[1]2019-06-01 23:42:49 | About to construct the storage object using constructor "makeFileStorageObject" and location "/scratch/user/vedang.deshpande/MatlabJobs/TAMUREMOTE"
[0]2019-06-01 23:42:49 | About to construct the storage object using constructor "makeFileStorageObject" and location "/scratch/user/vedang.deshpande/MatlabJobs/TAMUREMOTE"
[3]2019-06-01 23:42:49 | About to construct the storage object using constructor "makeFileStorageObject" and location "/scratch/user/vedang.deshpande/MatlabJobs/TAMUREMOTE"
[2]2019-06-01 23:42:50 | About to find job and task using locations "Job11" and "Job11/Task3"
[3]2019-06-01 23:42:50 | About to find job and task using locations "Job11" and "Job11/Task4"
[1]2019-06-01 23:42:50 | About to find job and task using locations "Job11" and "Job11/Task2"
[0]2019-06-01 23:42:50 | About to find job and task using locations "Job11" and "Job11/Task1"
[2]2019-06-01 23:42:51 | Setting the TaskEvaluator to the CJSStreamingEvaluator
[3]2019-06-01 23:42:51 | Setting the TaskEvaluator to the CJSStreamingEvaluator
[1]2019-06-01 23:42:51 | Setting the TaskEvaluator to the CJSStreamingEvaluator
[0]2019-06-01 23:42:51 | Setting the TaskEvaluator to the CJSStreamingEvaluator
[0]2019-06-01 23:42:51 | Setting number of computational threads to 8.
[1]2019-06-01 23:42:51 | Setting number of computational threads to 8.
[2]2019-06-01 23:42:51 | Setting number of computational threads to 8.
[3]2019-06-01 23:42:51 | Setting number of computational threads to 8.
[1]2019-06-01 23:42:51 | MATLAB Drive Enabled 0
[3]2019-06-01 23:42:51 | MATLAB Drive Enabled 0
[0]2019-06-01 23:42:51 | MATLAB Drive Enabled 0
[2]2019-06-01 23:42:51 | MATLAB Drive Enabled 0
[1]2019-06-01 23:42:51 | Completed pre-execution phase
[0]2019-06-01 23:42:51 | Completed pre-execution phase
[3]2019-06-01 23:42:51 | Completed pre-execution phase
[2]2019-06-01 23:42:51 | Completed pre-execution phase
[3]2019-06-01 23:42:51 | About to pPreJobEvaluate
[0]2019-06-01 23:42:51 | About to pPreJobEvaluate
[2]2019-06-01 23:42:51 | About to pPreJobEvaluate
[1]2019-06-01 23:42:51 | About to pPreJobEvaluate
[0]Warning: The system time zone setting, 'US/Central', does not specify a single time zone unambiguously. It will be treated as 'America/Chicago'. See the <a href="matlab:doc('datetime.TimeZone')">datetime.TimeZone property</a> for details about specifying time zones.
[0]> In verifyTimeZone (line 23)
[0]  In datetime (line 515)
[0]  In preCJSJob
[0]  In parallel.job.CJSCommunicatingJob/pPreJobEvaluate (line 143)
[0]  In dctEvaluateTask (line 23)
[0]  In distcomp_evaluate_filetask_core>iDoTask (line 153)
[0]  In distcomp_evaluate_filetask_core (line 52)
[0]2019-06-01 23:42:51 | About to pPreTaskEvaluate
[3]2019-06-01 23:42:51 | About to pPreTaskEvaluate
[2]2019-06-01 23:42:51 | About to pPreTaskEvaluate
[1]2019-06-01 23:42:51 | About to pPreTaskEvaluate
[2]Warning: The system time zone setting, 'US/Central', does not specify a single time zone unambiguously. It will be treated as 'America/Chicago'. See the <a href="matlab:doc('datetime.TimeZone')">datetime.TimeZone property</a> for details about specifying time zones.
[2]> In verifyTimeZone (line 23)
[1]Warning: The system time zone setting, 'US/Central', does not specify a single time zone unambiguously. It will be treated as 'America/Chicago'. See the <a href="matlab:doc('datetime.TimeZone')">datetime.TimeZone property</a> for details about specifying time zones.
[1]> In verifyTimeZone (line 23)
[2]  In datetime (line 515)
[1]  In datetime (line 515)
[3]Warning: The system time zone setting, 'US/Central', does not specify a single time zone unambiguously. It will be treated as 'America/Chicago'. See the <a href="matlab:doc('datetime.TimeZone')">datetime.TimeZone property</a> for details about specifying time zones.
[3]> In verifyTimeZone (line 23)
[3]  In datetime (line 515)
[2]  In parallel.task.CJSTask/pPreTaskEvaluate (line 195)
[3]  In parallel.task.CJSTask/pPreTaskEvaluate (line 195)
[2]  In dctEvaluateTask (line 38)
[1]  In parallel.task.CJSTask/pPreTaskEvaluate (line 195)
[3]  In dctEvaluateTask (line 38)
[2]  In distcomp_evaluate_filetask_core>iDoTask (line 153)
[3]  In distcomp_evaluate_filetask_core>iDoTask (line 153)
[2]  In distcomp_evaluate_filetask_core (line 52)
[1]  In dctEvaluateTask (line 38)
[3]  In distcomp_evaluate_filetask_core (line 52)
[1]  In distcomp_evaluate_filetask_core>iDoTask (line 153)
[1]  In distcomp_evaluate_filetask_core (line 52)
[0]2019-06-01 23:42:51 | About to add job dependencies
[0]2019-06-01 23:42:51 | > JobPathHelper.addAdditionalPaths
[0]2019-06-01 23:42:51 | > JobPathHelper.getPathsToAdd
[0]2019-06-01 23:42:51 | < JobPathHelper.getPathsToAdd ~isMATLABDriveEnabledOnWorker
[3]2019-06-01 23:42:51 | About to add job dependencies
[2]2019-06-01 23:42:51 | About to add job dependencies
[1]2019-06-01 23:42:51 | About to add job dependencies
[0]2019-06-01 23:42:51 | Not adding path dependencies as there is no change required to the path.
[0]2019-06-01 23:42:51 | < JobPathHelper.addAdditionalPaths
[3]2019-06-01 23:42:51 | > JobPathHelper.addAdditionalPaths
[3]2019-06-01 23:42:51 | > JobPathHelper.getPathsToAdd
[2]2019-06-01 23:42:51 | > JobPathHelper.addAdditionalPaths
[1]2019-06-01 23:42:51 | > JobPathHelper.addAdditionalPaths
[2]2019-06-01 23:42:51 | > JobPathHelper.getPathsToAdd
[1]2019-06-01 23:42:51 | > JobPathHelper.getPathsToAdd
[3]2019-06-01 23:42:51 | < JobPathHelper.getPathsToAdd ~isMATLABDriveEnabledOnWorker
[2]2019-06-01 23:42:51 | < JobPathHelper.getPathsToAdd ~isMATLABDriveEnabledOnWorker
[1]2019-06-01 23:42:51 | < JobPathHelper.getPathsToAdd ~isMATLABDriveEnabledOnWorker
[3]2019-06-01 23:42:51 | Not adding path dependencies as there is no change required to the path.
[3]2019-06-01 23:42:51 | < JobPathHelper.addAdditionalPaths
[2]2019-06-01 23:42:51 | Not adding path dependencies as there is no change required to the path.
[1]2019-06-01 23:42:51 | Not adding path dependencies as there is no change required to the path.
[2]2019-06-01 23:42:51 | < JobPathHelper.addAdditionalPaths
[1]2019-06-01 23:42:51 | < JobPathHelper.addAdditionalPaths
[0]2019-06-01 23:42:52 | About to add dependencies to path:
[0]C:/_WORK_SPACE/test_py/UKF/MATLAB/data/trained_NN_complete_data.mat
[0]C:/_WORK_SPACE/test_py/UKF/MATLAB/utils/backprop.m
[0]C:/_WORK_SPACE/test_py/UKF/MATLAB/utils/biasup.m
[0]C:/_WORK_SPACE/test_py/UKF/MATLAB/utils/CderW.m
[0]C:/_WORK_SPACE/test_py/UKF/MATLAB/utils/EnKF.m
[0]C:/_WORK_SPACE/test_py/UKF/MATLAB/utils/eq_wsamples.m
[0]C:/_WORK_SPACE/test_py/UKF/MATLAB/utils/forwardprop.m
[0]C:/_WORK_SPACE/test_py/UKF/MATLAB/utils/getSigmaPts.m
[0]C:/_WORK_SPACE/test_py/UKF/MATLAB/utils/measModel.m
[0]C:/_WORK_SPACE/test_py/UKF/MATLAB/utils/multipleEpochEKF.m
[0]C:/_WORK_SPACE/test_py/UKF/MATLAB/utils/multipleEpochEKFv1.m
[0]C:/_WORK_SPACE/test_py/UKF/MATLAB/utils/multipleEpochEnKF.m
[0]C:/_WORK_SPACE/test_py/UKF/MATLAB/utils/multipleEpochEnKFv1.m
[0]C:/_WORK_SPACE/test_py/UKF/MATLAB/utils/multipleEpochOTF.m
[0]C:/_WORK_SPACE/test_py/UKF/MATLAB/utils/multipleEpochUKF.m
[0]C:/_WORK_SPACE/test_py/UKF/MATLAB/utils/multipleEpochUKFv1.m
[0]C:/_WORK_SPACE/test_py/UKF/MATLAB/utils/nn2param.m
[0]C:/_WORK_SPACE/test_py/UKF/MATLAB/utils/NNconstruct.m
[0]C:/_WORK_SPACE/test_py/UKF/MATLAB/utils/nnJacobian.m
[0]C:/_WORK_SPACE/test_py/UKF/MATLAB/utils/OTF.m
[0]C:/_WORK_SPACE/test_py/UKF/MATLAB/utils/param2nn.m
[0]C:/_WORK_SPACE/test_py/UKF/MATLAB/utils/sigmoid.m
[0]C:/_WORK_SPACE/test_py/UKF/MATLAB/utils/sigmoidot.m
[0]C:/_WORK_SPACE/test_py/UKF/MATLAB/utils/weightbiasup.m
[0]C:/_WORK_SPACE/test_py/UKF/MATLAB/utils/weightup.m
[0]C:/_WORK_SPACE/cvx/functions/vec_/vec.m
[0]C:/_WORK_SPACE/test_py/UKF/MATLAB/OT_codes/others/fig1codes/enkf_samples.m
[0]C:/_WORK_SPACE/test_py/UKF/MATLAB/OT_codes/others/fig1codes/eq_wsamples.m
[0]C:/_WORK_SPACE/test_py/UKF/MATLAB/test/trainingUsingFilters_HPRC.m
[0]2019-06-01 23:42:52 | Adding dependency paths:
[0]/tmp/tp162c5ade_9b3b_4c5d_b983_e363cc23204brp6902/a/tpabe700f9_107b_41c5_9aa7_67158f4e0e95
[0]/tmp/tp162c5ade_9b3b_4c5d_b983_e363cc23204brp6902/a/tpabe700f9_107b_41c5_9aa7_67158f4e0e95/vec.m
[0]/tmp/tp162c5ade_9b3b_4c5d_b983_e363cc23204brp6902/a/tp414330f1_cea9_4a51_8b49_ad5e658ffc53
[0]/tmp/tp162c5ade_9b3b_4c5d_b983_e363cc23204brp6902/a/tp414330f1_cea9_4a51_8b49_ad5e658ffc53/enkf_samples.m
[0]/tmp/tp162c5ade_9b3b_4c5d_b983_e363cc23204brp6902/a/tp4e5d00cf_aa8d_4905_9384_3a1a39ef55c0
[0]/tmp/tp162c5ade_9b3b_4c5d_b983_e363cc23204brp6902/a/tp4e5d00cf_aa8d_4905_9384_3a1a39ef55c0/trained_NN_complete_data.mat
[0]/tmp/tp162c5ade_9b3b_4c5d_b983_e363cc23204brp6902/a/tpd47d75e9_2034_4f9b_84e1_f8a8d1066772
[0]/tmp/tp162c5ade_9b3b_4c5d_b983_e363cc23204brp6902/a/tpd47d75e9_2034_4f9b_84e1_f8a8d1066772/trainingUsingFilters_HPRC.m
[0]/tmp/tp162c5ade_9b3b_4c5d_b983_e363cc23204brp6902/a/tpeb8481ec_49e5_42a5_acd9_6d291165d668
[0]/tmp/tp162c5ade_9b3b_4c5d_b983_e363cc23204brp6902/a/tpeb8481ec_49e5_42a5_acd9_6d291165d668/CderW.m
[0]2019-06-01 23:42:52 | Replacing C:/_WORK_SPACE/test_py/UKF/MATLAB/data/trained_NN_complete_data.mat with tp4e5d00cf_aa8d_4905_9384_3a1a39ef55c0/trained_NN_complete_data.mat in C:/_WORK_SPACE/test_py/UKF/MATLAB/data/trained_NN_complete_data.mat
[0]2019-06-01 23:42:52 | Replacing C:/_WORK_SPACE/test_py/UKF/MATLAB/utils with tpeb8481ec_49e5_42a5_acd9_6d291165d668 in C:/_WORK_SPACE/test_py/UKF/MATLAB/utils/backprop.m
[0]2019-06-01 23:42:52 | Replacing C:/_WORK_SPACE/test_py/UKF/MATLAB/utils with tpeb8481ec_49e5_42a5_acd9_6d291165d668 in C:/_WORK_SPACE/test_py/UKF/MATLAB/utils/biasup.m
[0]2019-06-01 23:42:52 | Replacing C:/_WORK_SPACE/test_py/UKF/MATLAB/utils/CderW.m with tpeb8481ec_49e5_42a5_acd9_6d291165d668/CderW.m in C:/_WORK_SPACE/test_py/UKF/MATLAB/utils/CderW.m
[0]2019-06-01 23:42:52 | Replacing C:/_WORK_SPACE/test_py/UKF/MATLAB/utils with tpeb8481ec_49e5_42a5_acd9_6d291165d668 in C:/_WORK_SPACE/test_py/UKF/MATLAB/utils/EnKF.m
[0]2019-06-01 23:42:52 | Replacing C:/_WORK_SPACE/test_py/UKF/MATLAB/utils with tpeb8481ec_49e5_42a5_acd9_6d291165d668 in C:/_WORK_SPACE/test_py/UKF/MATLAB/utils/eq_wsamples.m
[0]2019-06-01 23:42:52 | Replacing C:/_WORK_SPACE/test_py/UKF/MATLAB/utils with tpeb8481ec_49e5_42a5_acd9_6d291165d668 in C:/_WORK_SPACE/test_py/UKF/MATLAB/utils/forwardprop.m
[0]2019-06-01 23:42:52 | Replacing C:/_WORK_SPACE/test_py/UKF/MATLAB/utils with tpeb8481ec_49e5_42a5_acd9_6d291165d668 in C:/_WORK_SPACE/test_py/UKF/MATLAB/utils/getSigmaPts.m
[0]2019-06-01 23:42:52 | Replacing C:/_WORK_SPACE/test_py/UKF/MATLAB/utils with tpeb8481ec_49e5_42a5_acd9_6d291165d668 in C:/_WORK_SPACE/test_py/UKF/MATLAB/utils/measModel.m
[0]2019-06-01 23:42:52 | Replacing C:/_WORK_SPACE/test_py/UKF/MATLAB/utils with tpeb8481ec_49e5_42a5_acd9_6d291165d668 in C:/_WORK_SPACE/test_py/UKF/MATLAB/utils/multipleEpochEKF.m
[0]2019-06-01 23:42:52 | Replacing C:/_WORK_SPACE/test_py/UKF/MATLAB/utils with tpeb8481ec_49e5_42a5_acd9_6d291165d668 in C:/_WORK_SPACE/test_py/UKF/MATLAB/utils/multipleEpochEKFv1.m
[2]2019-06-01 23:42:52 | About to add dependencies to path:
[2]C:/_WORK_SPACE/test_py/UKF/MATLAB/data/trained_NN_complete_data.mat
[2]C:/_WORK_SPACE/test_py/UKF/MATLAB/utils/backprop.m
[2]C:/_WORK_SPACE/test_py/UKF/MATLAB/utils/biasup.m
[2]C:/_WORK_SPACE/test_py/UKF/MATLAB/utils/CderW.m
[2]C:/_WORK_SPACE/test_py/UKF/MATLAB/utils/EnKF.m
[2]C:/_WORK_SPACE/test_py/UKF/MATLAB/utils/eq_wsamples.m
[2]C:/_WORK_SPACE/test_py/UKF/MATLAB/utils/forwardprop.m
[2]C:/_WORK_SPACE/test_py/UKF/MATLAB/utils/getSigmaPts.m
[2]C:/_WORK_SPACE/test_py/UKF/MATLAB/utils/measModel.m
[2]C:/_WORK_SPACE/test_py/UKF/MATLAB/utils/multipleEpochEKF.m
[2]C:/_WORK_SPACE/test_py/UKF/MATLAB/utils/multipleEpochEKFv1.m
[2]C:/_WORK_SPACE/test_py/UKF/MATLAB/utils/multipleEpochEnKF.m
[2]C:/_WORK_SPACE/test_py/UKF/MATLAB/utils/multipleEpochEnKFv1.m
[2]C:/_WORK_SPACE/test_py/UKF/MATLAB/utils/multipleEpochOTF.m
[2]C:/_WORK_SPACE/test_py/UKF/MATLAB/utils/multipleEpochUKF.m
[2]C:/_WORK_SPACE/test_py/UKF/MATLAB/utils/multipleEpochUKFv1.m
[2]C:/_WORK_SPACE/test_py/UKF/MATLAB/utils/nn2param.m
[2]C:/_WORK_SPACE/test_py/UKF/MATLAB/utils/NNconstruct.m
[2]C:/_WORK_SPACE/test_py/UKF/MATLAB/utils/nnJacobian.m
[2]C:/_WORK_SPACE/test_py/UKF/MATLAB/utils/OTF.m
[2]C:/_WORK_SPACE/test_py/UKF/MATLAB/utils/param2nn.m
[2]C:/_WORK_SPACE/test_py/UKF/MATLAB/utils/sigmoid.m
[2]C:/_WORK_SPACE/test_py/UKF/MATLAB/utils/sigmoidot.m
[2]C:/_WORK_SPACE/test_py/UKF/MATLAB/utils/weightbiasup.m
[2]C:/_WORK_SPACE/test_py/UKF/MATLAB/utils/weightup.m
[2]C:/_WORK_SPACE/cvx/functions/vec_/vec.m
[2]C:/_WORK_SPACE/test_py/UKF/MATLAB/OT_codes/others/fig1codes/enkf_samples.m
[2]C:/_WORK_SPACE/test_py/UKF/MATLAB/OT_codes/others/fig1codes/eq_wsamples.m
[2]C:/_WORK_SPACE/test_py/UKF/MATLAB/test/trainingUsingFilters_HPRC.m
[3]2019-06-01 23:42:52 | About to add dependencies to path:
[3]C:/_WORK_SPACE/test_py/UKF/MATLAB/data/trained_NN_complete_data.mat
[3]C:/_WORK_SPACE/test_py/UKF/MATLAB/utils/backprop.m
[3]C:/_WORK_SPACE/test_py/UKF/MATLAB/utils/biasup.m
[3]C:/_WORK_SPACE/test_py/UKF/MATLAB/utils/CderW.m
[3]C:/_WORK_SPACE/test_py/UKF/MATLAB/utils/EnKF.m
[3]C:/_WORK_SPACE/test_py/UKF/MATLAB/utils/eq_wsamples.m
[3]C:/_WORK_SPACE/test_py/UKF/MATLAB/utils/forwardprop.m
[3]C:/_WORK_SPACE/test_py/UKF/MATLAB/utils/getSigmaPts.m
[3]C:/_WORK_SPACE/test_py/UKF/MATLAB/utils/measModel.m
[3]C:/_WORK_SPACE/test_py/UKF/MATLAB/utils/multipleEpochEKF.m
[3]C:/_WORK_SPACE/test_py/UKF/MATLAB/utils/multipleEpochEKFv1.m
[3]C:/_WORK_SPACE/test_py/UKF/MATLAB/utils/multipleEpochEnKF.m
[3]C:/_WORK_SPACE/test_py/UKF/MATLAB/utils/multipleEpochEnKFv1.m
[3]C:/_WORK_SPACE/test_py/UKF/MATLAB/utils/multipleEpochOTF.m
[3]C:/_WORK_SPACE/test_py/UKF/MATLAB/utils/multipleEpochUKF.m
[3]C:/_WORK_SPACE/test_py/UKF/MATLAB/utils/multipleEpochUKFv1.m
[3]C:/_WORK_SPACE/test_py/UKF/MATLAB/utils/nn2param.m
[3]C:/_WORK_SPACE/test_py/UKF/MATLAB/utils/NNconstruct.m
[3]C:/_WORK_SPACE/test_py/UKF/MATLAB/utils/nnJacobian.m
[3]C:/_WORK_SPACE/test_py/UKF/MATLAB/utils/OTF.m
[3]C:/_WORK_SPACE/test_py/UKF/MATLAB/utils/param2nn.m
[3]C:/_WORK_SPACE/test_py/UKF/MATLAB/utils/sigmoid.m
[3]C:/_WORK_SPACE/test_py/UKF/MATLAB/utils/sigmoidot.m
[3]C:/_WORK_SPACE/test_py/UKF/MATLAB/utils/weightbiasup.m
[3]C:/_WORK_SPACE/test_py/UKF/MATLAB/utils/weightup.m
[3]C:/_WORK_SPACE/cvx/functions/vec_/vec.m
[3]C:/_WORK_SPACE/test_py/UKF/MATLAB/OT_codes/others/fig1codes/enkf_samples.m
[3]C:/_WORK_SPACE/test_py/UKF/MATLAB/OT_codes/others/fig1codes/eq_wsamples.m
[3]C:/_WORK_SPACE/test_py/UKF/MATLAB/test/trainingUsingFilters_HPRC.m
[0]2019-06-01 23:42:52 | Replacing C:/_WORK_SPACE/test_py/UKF/MATLAB/utils with tpeb8481ec_49e5_42a5_acd9_6d291165d668 in C:/_WORK_SPACE/test_py/UKF/MATLAB/utils/multipleEpochEnKF.m
[1]2019-06-01 23:42:52 | About to add dependencies to path:
[1]C:/_WORK_SPACE/test_py/UKF/MATLAB/data/trained_NN_complete_data.mat
[1]C:/_WORK_SPACE/test_py/UKF/MATLAB/utils/backprop.m
[1]C:/_WORK_SPACE/test_py/UKF/MATLAB/utils/biasup.m
[1]C:/_WORK_SPACE/test_py/UKF/MATLAB/utils/CderW.m
[1]C:/_WORK_SPACE/test_py/UKF/MATLAB/utils/EnKF.m
[1]C:/_WORK_SPACE/test_py/UKF/MATLAB/utils/eq_wsamples.m
[1]C:/_WORK_SPACE/test_py/UKF/MATLAB/utils/forwardprop.m
[1]C:/_WORK_SPACE/test_py/UKF/MATLAB/utils/getSigmaPts.m
[1]C:/_WORK_SPACE/test_py/UKF/MATLAB/utils/measModel.m
[1]C:/_WORK_SPACE/test_py/UKF/MATLAB/utils/multipleEpochEKF.m
[1]C:/_WORK_SPACE/test_py/UKF/MATLAB/utils/multipleEpochEKFv1.m
[1]C:/_WORK_SPACE/test_py/UKF/MATLAB/utils/multipleEpochEnKF.m
[1]C:/_WORK_SPACE/test_py/UKF/MATLAB/utils/multipleEpochEnKFv1.m
[1]C:/_WORK_SPACE/test_py/UKF/MATLAB/utils/multipleEpochOTF.m
[1]C:/_WORK_SPACE/test_py/UKF/MATLAB/utils/multipleEpochUKF.m
[1]C:/_WORK_SPACE/test_py/UKF/MATLAB/utils/multipleEpochUKFv1.m
[1]C:/_WORK_SPACE/test_py/UKF/MATLAB/utils/nn2param.m
[1]C:/_WORK_SPACE/test_py/UKF/MATLAB/utils/NNconstruct.m
[1]C:/_WORK_SPACE/test_py/UKF/MATLAB/utils/nnJacobian.m
[1]C:/_WORK_SPACE/test_py/UKF/MATLAB/utils/OTF.m
[1]C:/_WORK_SPACE/test_py/UKF/MATLAB/utils/param2nn.m
[1]C:/_WORK_SPACE/test_py/UKF/MATLAB/utils/sigmoid.m
[1]C:/_WORK_SPACE/test_py/UKF/MATLAB/utils/sigmoidot.m
[1]C:/_WORK_SPACE/test_py/UKF/MATLAB/utils/weightbiasup.m
[1]C:/_WORK_SPACE/test_py/UKF/MATLAB/utils/weightup.m
[1]C:/_WORK_SPACE/cvx/functions/vec_/vec.m
[1]C:/_WORK_SPACE/test_py/UKF/MATLAB/OT_codes/others/fig1codes/enkf_samples.m
[1]C:/_WORK_SPACE/test_py/UKF/MATLAB/OT_codes/others/fig1codes/eq_wsamples.m
[1]C:/_WORK_SPACE/test_py/UKF/MATLAB/test/trainingUsingFilters_HPRC.m
[0]2019-06-01 23:42:52 | Replacing C:/_WORK_SPACE/test_py/UKF/MATLAB/utils with tpeb8481ec_49e5_42a5_acd9_6d291165d668 in C:/_WORK_SPACE/test_py/UKF/MATLAB/utils/multipleEpochEnKFv1.m
[0]2019-06-01 23:42:52 | Replacing C:/_WORK_SPACE/test_py/UKF/MATLAB/utils with tpeb8481ec_49e5_42a5_acd9_6d291165d668 in C:/_WORK_SPACE/test_py/UKF/MATLAB/utils/multipleEpochOTF.m
[2]2019-06-01 23:42:52 | Adding dependency paths:
[2]/tmp/tp83cb71c2_6351_411a_98ee_49339a878e2frp6900/a/tpabe700f9_107b_41c5_9aa7_67158f4e0e95
[2]/tmp/tp83cb71c2_6351_411a_98ee_49339a878e2frp6900/a/tpabe700f9_107b_41c5_9aa7_67158f4e0e95/vec.m
[2]/tmp/tp83cb71c2_6351_411a_98ee_49339a878e2frp6900/a/tp414330f1_cea9_4a51_8b49_ad5e658ffc53
[2]/tmp/tp83cb71c2_6351_411a_98ee_49339a878e2frp6900/a/tp414330f1_cea9_4a51_8b49_ad5e658ffc53/enkf_samples.m
[2]/tmp/tp83cb71c2_6351_411a_98ee_49339a878e2frp6900/a/tp4e5d00cf_aa8d_4905_9384_3a1a39ef55c0
[2]/tmp/tp83cb71c2_6351_411a_98ee_49339a878e2frp6900/a/tp4e5d00cf_aa8d_4905_9384_3a1a39ef55c0/trained_NN_complete_data.mat
[2]/tmp/tp83cb71c2_6351_411a_98ee_49339a878e2frp6900/a/tpd47d75e9_2034_4f9b_84e1_f8a8d1066772
[2]/tmp/tp83cb71c2_6351_411a_98ee_49339a878e2frp6900/a/tpd47d75e9_2034_4f9b_84e1_f8a8d1066772/trainingUsingFilters_HPRC.m
[2]/tmp/tp83cb71c2_6351_411a_98ee_49339a878e2frp6900/a/tpeb8481ec_49e5_42a5_acd9_6d291165d668
[2]/tmp/tp83cb71c2_6351_411a_98ee_49339a878e2frp6900/a/tpeb8481ec_49e5_42a5_acd9_6d291165d668/CderW.m
[3]2019-06-01 23:42:52 | Adding dependency paths:
[3]/tmp/tp130f58e1_cf0c_44f3_a0da_975ec25eb31brp6899/a/tpabe700f9_107b_41c5_9aa7_67158f4e0e95
[3]/tmp/tp130f58e1_cf0c_44f3_a0da_975ec25eb31brp6899/a/tpabe700f9_107b_41c5_9aa7_67158f4e0e95/vec.m
[3]/tmp/tp130f58e1_cf0c_44f3_a0da_975ec25eb31brp6899/a/tp414330f1_cea9_4a51_8b49_ad5e658ffc53
[3]/tmp/tp130f58e1_cf0c_44f3_a0da_975ec25eb31brp6899/a/tp414330f1_cea9_4a51_8b49_ad5e658ffc53/enkf_samples.m
[3]/tmp/tp130f58e1_cf0c_44f3_a0da_975ec25eb31brp6899/a/tp4e5d00cf_aa8d_4905_9384_3a1a39ef55c0
[3]/tmp/tp130f58e1_cf0c_44f3_a0da_975ec25eb31brp6899/a/tp4e5d00cf_aa8d_4905_9384_3a1a39ef55c0/trained_NN_complete_data.mat
[3]/tmp/tp130f58e1_cf0c_44f3_a0da_975ec25eb31brp6899/a/tpd47d75e9_2034_4f9b_84e1_f8a8d1066772
[3]/tmp/tp130f58e1_cf0c_44f3_a0da_975ec25eb31brp6899/a/tpd47d75e9_2034_4f9b_84e1_f8a8d1066772/trainingUsingFilters_HPRC.m
[3]/tmp/tp130f58e1_cf0c_44f3_a0da_975ec25eb31brp6899/a/tpeb8481ec_49e5_42a5_acd9_6d291165d668
[3]/tmp/tp130f58e1_cf0c_44f3_a0da_975ec25eb31brp6899/a/tpeb8481ec_49e5_42a5_acd9_6d291165d668/CderW.m
[0]2019-06-01 23:42:52 | Replacing C:/_WORK_SPACE/test_py/UKF/MATLAB/utils with tpeb8481ec_49e5_42a5_acd9_6d291165d668 in C:/_WORK_SPACE/test_py/UKF/MATLAB/utils/multipleEpochUKF.m
[1]2019-06-01 23:42:52 | Adding dependency paths:
[1]/tmp/tpbafc17ba_b0fc_4e5c_8564_7f3e2db95c4brp6901/a/tpabe700f9_107b_41c5_9aa7_67158f4e0e95
[1]/tmp/tpbafc17ba_b0fc_4e5c_8564_7f3e2db95c4brp6901/a/tpabe700f9_107b_41c5_9aa7_67158f4e0e95/vec.m
[1]/tmp/tpbafc17ba_b0fc_4e5c_8564_7f3e2db95c4brp6901/a/tp414330f1_cea9_4a51_8b49_ad5e658ffc53
[1]/tmp/tpbafc17ba_b0fc_4e5c_8564_7f3e2db95c4brp6901/a/tp414330f1_cea9_4a51_8b49_ad5e658ffc53/enkf_samples.m
[1]/tmp/tpbafc17ba_b0fc_4e5c_8564_7f3e2db95c4brp6901/a/tp4e5d00cf_aa8d_4905_9384_3a1a39ef55c0
[1]/tmp/tpbafc17ba_b0fc_4e5c_8564_7f3e2db95c4brp6901/a/tp4e5d00cf_aa8d_4905_9384_3a1a39ef55c0/trained_NN_complete_data.mat
[1]/tmp/tpbafc17ba_b0fc_4e5c_8564_7f3e2db95c4brp6901/a/tpd47d75e9_2034_4f9b_84e1_f8a8d1066772
[1]/tmp/tpbafc17ba_b0fc_4e5c_8564_7f3e2db95c4brp6901/a/tpd47d75e9_2034_4f9b_84e1_f8a8d1066772/trainingUsingFilters_HPRC.m
[1]/tmp/tpbafc17ba_b0fc_4e5c_8564_7f3e2db95c4brp6901/a/tpeb8481ec_49e5_42a5_acd9_6d291165d668
[1]/tmp/tpbafc17ba_b0fc_4e5c_8564_7f3e2db95c4brp6901/a/tpeb8481ec_49e5_42a5_acd9_6d291165d668/CderW.m
[0]2019-06-01 23:42:52 | Replacing C:/_WORK_SPACE/test_py/UKF/MATLAB/utils with tpeb8481ec_49e5_42a5_acd9_6d291165d668 in C:/_WORK_SPACE/test_py/UKF/MATLAB/utils/multipleEpochUKFv1.m
[0]2019-06-01 23:42:52 | Replacing C:/_WORK_SPACE/test_py/UKF/MATLAB/utils with tpeb8481ec_49e5_42a5_acd9_6d291165d668 in C:/_WORK_SPACE/test_py/UKF/MATLAB/utils/nn2param.m
[0]2019-06-01 23:42:52 | Replacing C:/_WORK_SPACE/test_py/UKF/MATLAB/utils with tpeb8481ec_49e5_42a5_acd9_6d291165d668 in C:/_WORK_SPACE/test_py/UKF/MATLAB/utils/NNconstruct.m
[3]2019-06-01 23:42:52 | Replacing C:/_WORK_SPACE/test_py/UKF/MATLAB/data/trained_NN_complete_data.mat with tp4e5d00cf_aa8d_4905_9384_3a1a39ef55c0/trained_NN_complete_data.mat in C:/_WORK_SPACE/test_py/UKF/MATLAB/data/trained_NN_complete_data.mat
[2]2019-06-01 23:42:52 | Replacing C:/_WORK_SPACE/test_py/UKF/MATLAB/data/trained_NN_complete_data.mat with tp4e5d00cf_aa8d_4905_9384_3a1a39ef55c0/trained_NN_complete_data.mat in C:/_WORK_SPACE/test_py/UKF/MATLAB/data/trained_NN_complete_data.mat
[0]2019-06-01 23:42:52 | Replacing C:/_WORK_SPACE/test_py/UKF/MATLAB/utils with tpeb8481ec_49e5_42a5_acd9_6d291165d668 in C:/_WORK_SPACE/test_py/UKF/MATLAB/utils/nnJacobian.m
[1]2019-06-01 23:42:52 | Replacing C:/_WORK_SPACE/test_py/UKF/MATLAB/data/trained_NN_complete_data.mat with tp4e5d00cf_aa8d_4905_9384_3a1a39ef55c0/trained_NN_complete_data.mat in C:/_WORK_SPACE/test_py/UKF/MATLAB/data/trained_NN_complete_data.mat
[0]2019-06-01 23:42:52 | Replacing C:/_WORK_SPACE/test_py/UKF/MATLAB/utils with tpeb8481ec_49e5_42a5_acd9_6d291165d668 in C:/_WORK_SPACE/test_py/UKF/MATLAB/utils/OTF.m
[3]2019-06-01 23:42:52 | Replacing C:/_WORK_SPACE/test_py/UKF/MATLAB/utils with tpeb8481ec_49e5_42a5_acd9_6d291165d668 in C:/_WORK_SPACE/test_py/UKF/MATLAB/utils/backprop.m
[2]2019-06-01 23:42:52 | Replacing C:/_WORK_SPACE/test_py/UKF/MATLAB/utils with tpeb8481ec_49e5_42a5_acd9_6d291165d668 in C:/_WORK_SPACE/test_py/UKF/MATLAB/utils/backprop.m
[0]2019-06-01 23:42:52 | Replacing C:/_WORK_SPACE/test_py/UKF/MATLAB/utils with tpeb8481ec_49e5_42a5_acd9_6d291165d668 in C:/_WORK_SPACE/test_py/UKF/MATLAB/utils/param2nn.m
[1]2019-06-01 23:42:52 | Replacing C:/_WORK_SPACE/test_py/UKF/MATLAB/utils with tpeb8481ec_49e5_42a5_acd9_6d291165d668 in C:/_WORK_SPACE/test_py/UKF/MATLAB/utils/backprop.m
[0]2019-06-01 23:42:52 | Replacing C:/_WORK_SPACE/test_py/UKF/MATLAB/utils with tpeb8481ec_49e5_42a5_acd9_6d291165d668 in C:/_WORK_SPACE/test_py/UKF/MATLAB/utils/sigmoid.m
[0]2019-06-01 23:42:52 | Replacing C:/_WORK_SPACE/test_py/UKF/MATLAB/utils with tpeb8481ec_49e5_42a5_acd9_6d291165d668 in C:/_WORK_SPACE/test_py/UKF/MATLAB/utils/sigmoidot.m
[0]2019-06-01 23:42:52 | Replacing C:/_WORK_SPACE/test_py/UKF/MATLAB/utils with tpeb8481ec_49e5_42a5_acd9_6d291165d668 in C:/_WORK_SPACE/test_py/UKF/MATLAB/utils/weightbiasup.m
[2]2019-06-01 23:42:52 | Replacing C:/_WORK_SPACE/test_py/UKF/MATLAB/utils with tpeb8481ec_49e5_42a5_acd9_6d291165d668 in C:/_WORK_SPACE/test_py/UKF/MATLAB/utils/biasup.m
[3]2019-06-01 23:42:52 | Replacing C:/_WORK_SPACE/test_py/UKF/MATLAB/utils with tpeb8481ec_49e5_42a5_acd9_6d291165d668 in C:/_WORK_SPACE/test_py/UKF/MATLAB/utils/biasup.m
[0]2019-06-01 23:42:52 | Replacing C:/_WORK_SPACE/test_py/UKF/MATLAB/utils with tpeb8481ec_49e5_42a5_acd9_6d291165d668 in C:/_WORK_SPACE/test_py/UKF/MATLAB/utils/weightup.m
[1]2019-06-01 23:42:52 | Replacing C:/_WORK_SPACE/test_py/UKF/MATLAB/utils with tpeb8481ec_49e5_42a5_acd9_6d291165d668 in C:/_WORK_SPACE/test_py/UKF/MATLAB/utils/biasup.m
[0]2019-06-01 23:42:52 | Replacing C:/_WORK_SPACE/cvx/functions/vec_/vec.m with tpabe700f9_107b_41c5_9aa7_67158f4e0e95/vec.m in C:/_WORK_SPACE/cvx/functions/vec_/vec.m
[3]2019-06-01 23:42:52 | Replacing C:/_WORK_SPACE/test_py/UKF/MATLAB/utils/CderW.m with tpeb8481ec_49e5_42a5_acd9_6d291165d668/CderW.m in C:/_WORK_SPACE/test_py/UKF/MATLAB/utils/CderW.m
[2]2019-06-01 23:42:52 | Replacing C:/_WORK_SPACE/test_py/UKF/MATLAB/utils/CderW.m with tpeb8481ec_49e5_42a5_acd9_6d291165d668/CderW.m in C:/_WORK_SPACE/test_py/UKF/MATLAB/utils/CderW.m
[0]2019-06-01 23:42:52 | Replacing C:/_WORK_SPACE/test_py/UKF/MATLAB/OT_codes/others/fig1codes/enkf_samples.m with tp414330f1_cea9_4a51_8b49_ad5e658ffc53/enkf_samples.m in C:/_WORK_SPACE/test_py/UKF/MATLAB/OT_codes/others/fig1codes/enkf_samples.m
[1]2019-06-01 23:42:52 | Replacing C:/_WORK_SPACE/test_py/UKF/MATLAB/utils/CderW.m with tpeb8481ec_49e5_42a5_acd9_6d291165d668/CderW.m in C:/_WORK_SPACE/test_py/UKF/MATLAB/utils/CderW.m
[0]2019-06-01 23:42:52 | Replacing C:/_WORK_SPACE/test_py/UKF/MATLAB/OT_codes/others/fig1codes with tp414330f1_cea9_4a51_8b49_ad5e658ffc53 in C:/_WORK_SPACE/test_py/UKF/MATLAB/OT_codes/others/fig1codes/eq_wsamples.m
[0]2019-06-01 23:42:52 | Replacing C:/_WORK_SPACE/test_py/UKF/MATLAB/test/trainingUsingFilters_HPRC.m with tpd47d75e9_2034_4f9b_84e1_f8a8d1066772/trainingUsingFilters_HPRC.m in C:/_WORK_SPACE/test_py/UKF/MATLAB/test/trainingUsingFilters_HPRC.m
[0]2019-06-01 23:42:52 | Created dependency map:
[0]  C:/_WORK_SPACE/test_py/UKF/MATLAB/data/trained_NN_complete_data.mat -> /tmp/tp162c5ade_9b3b_4c5d_b983_e363cc23204brp6902/a/tp4e5d00cf_aa8d_4905_9384_3a1a39ef55c0/trained_NN_complete_data.mat
[0]  C:/_WORK_SPACE/test_py/UKF/MATLAB/utils/backprop.m -> /tmp/tp162c5ade_9b3b_4c5d_b983_e363cc23204brp6902/a/tpeb8481ec_49e5_42a5_acd9_6d291165d668/backprop.m
[0]  C:/_WORK_SPACE/test_py/UKF/MATLAB/utils/biasup.m -> /tmp/tp162c5ade_9b3b_4c5d_b983_e363cc23204brp6902/a/tpeb8481ec_49e5_42a5_acd9_6d291165d668/biasup.m
[0]  C:/_WORK_SPACE/test_py/UKF/MATLAB/utils/CderW.m -> /tmp/tp162c5ade_9b3b_4c5d_b983_e363cc23204brp6902/a/tpeb8481ec_49e5_42a5_acd9_6d291165d668/CderW.m
[0]  C:/_WORK_SPACE/test_py/UKF/MATLAB/utils/EnKF.m -> /tmp/tp162c5ade_9b3b_4c5d_b983_e363cc23204brp6902/a/tpeb8481ec_49e5_42a5_acd9_6d291165d668/EnKF.m
[0]  C:/_WORK_SPACE/test_py/UKF/MATLAB/utils/eq_wsamples.m -> /tmp/tp162c5ade_9b3b_4c5d_b983_e363cc23204brp6902/a/tpeb8481ec_49e5_42a5_acd9_6d291165d668/eq_wsamples.m
[0]  C:/_WORK_SPACE/test_py/UKF/MATLAB/utils/forwardprop.m -> /tmp/tp162c5ade_9b3b_4c5d_b983_e363cc23204brp6902/a/tpeb8481ec_49e5_42a5_acd9_6d291165d668/forwardprop.m
[0]  C:/_WORK_SPACE/test_py/UKF/MATLAB/utils/getSigmaPts.m -> /tmp/tp162c5ade_9b3b_4c5d_b983_e363cc23204brp6902/a/tpeb8481ec_49e5_42a5_acd9_6d291165d668/getSigmaPts.m
[0]  C:/_WORK_SPACE/test_py/UKF/MATLAB/utils/measModel.m -> /tmp/tp162c5ade_9b3b_4c5d_b983_e363cc23204brp6902/a/tpeb8481ec_49e5_42a5_acd9_6d291165d668/measModel.m
[0]  C:/_WORK_SPACE/test_py/UKF/MATLAB/utils/multipleEpochEKF.m -> /tmp/tp162c5ade_9b3b_4c5d_b983_e363cc23204brp6902/a/tpeb8481ec_49e5_42a5_acd9_6d291165d668/multipleEpochEKF.m
[0]  C:/_WORK_SPACE/test_py/UKF/MATLAB/utils/multipleEpochEKFv1.m -> /tmp/tp162c5ade_9b3b_4c5d_b983_e363cc23204brp6902/a/tpeb8481ec_49e5_42a5_acd9_6d291165d668/multipleEpochEKFv1.m
[0]  C:/_WORK_SPACE/test_py/UKF/MATLAB/utils/multipleEpochEnKF.m -> /tmp/tp162c5ade_9b3b_4c5d_b983_e363cc23204brp6902/a/tpeb8481ec_49e5_42a5_acd9_6d291165d668/multipleEpochEnKF.m
[0]  C:/_WORK_SPACE/test_py/UKF/MATLAB/utils/multipleEpochEnKFv1.m -> /tmp/tp162c5ade_9b3b_4c5d_b983_e363cc23204brp6902/a/tpeb8481ec_49e5_42a5_acd9_6d291165d668/multipleEpochEnKFv1.m
[0]  C:/_WORK_SPACE/test_py/UKF/MATLAB/utils/multipleEpochOTF.m -> /tmp/tp162c5ade_9b3b_4c5d_b983_e363cc23204brp6902/a/tpeb8481ec_49e5_42a5_acd9_6d291165d668/multipleEpochOTF.m
[0]  C:/_WORK_SPACE/test_py/UKF/MATLAB/utils/multipleEpochUKF.m -> /tmp/tp162c5ade_9b3b_4c5d_b983_e363cc23204brp6902/a/tpeb8481ec_49e5_42a5_acd9_6d291165d668/multipleEpochUKF.m
[0]  C:/_WORK_SPACE/test_py/UKF/MATLAB/utils/multipleEpochUKFv1.m -> /tmp/tp162c5ade_9b3b_4c5d_b983_e363cc23204brp6902/a/tpeb8481ec_49e5_42a5_acd9_6d291165d668/multipleEpochUKFv1.m
[0]  C:/_WORK_SPACE/test_py/UKF/MATLAB/utils/nn2param.m -> /tmp/tp162c5ade_9b3b_4c5d_b983_e363cc23204brp6902/a/tpeb8481ec_49e5_42a5_acd9_6d291165d668/nn2param.m
[0]  C:/_WORK_SPACE/test_py/UKF/MATLAB/utils/NNconstruct.m -> /tmp/tp162c5ade_9b3b_4c5d_b983_e363cc23204brp6902/a/tpeb8481ec_49e5_42a5_acd9_6d291165d668/NNconstruct.m
[0]  C:/_WORK_SPACE/test_py/UKF/MATLAB/utils/nnJacobian.m -> /tmp/tp162c5ade_9b3b_4c5d_b983_e363cc23204brp6902/a/tpeb8481ec_49e5_42a5_acd9_6d291165d668/nnJacobian.m
[0]  C:/_WORK_SPACE/test_py/UKF/MATLAB/utils/OTF.m -> /tmp/tp162c5ade_9b3b_4c5d_b983_e363cc23204brp6902/a/tpeb8481ec_49e5_42a5_acd9_6d291165d668/OTF.m
[0]  C:/_WORK_SPACE/test_py/UKF/MATLAB/utils/param2nn.m -> /tmp/tp162c5ade_9b3b_4c5d_b983_e363cc23204brp6902/a/tpeb8481ec_49e5_42a5_acd9_6d291165d668/param2nn.m
[0]  C:/_WORK_SPACE/test_py/UKF/MATLAB/utils/sigmoid.m -> /tmp/tp162c5ade_9b3b_4c5d_b983_e363cc23204brp6902/a/tpeb8481ec_49e5_42a5_acd9_6d291165d668/sigmoid.m
[0]  C:/_WORK_SPACE/test_py/UKF/MATLAB/utils/sigmoidot.m -> /tmp/tp162c5ade_9b3b_4c5d_b983_e363cc23204brp6902/a/tpeb8481ec_49e5_42a5_acd9_6d291165d668/sigmoidot.m
[0]  C:/_WORK_SPACE/test_py/UKF/MATLAB/utils/weightbiasup.m -> /tmp/tp162c5ade_9b3b_4c5d_b983_e363cc23204brp6902/a/tpeb8481ec_49e5_42a5_acd9_6d291165d668/weightbiasup.m
[0]  C:/_WORK_SPACE/test_py/UKF/MATLAB/utils/weightup.m -> /tmp/tp162c5ade_9b3b_4c5d_b983_e363cc23204brp6902/a/tpeb8481ec_49e5_42a5_acd9_6d291165d668/weightup.m
[0]  C:/_WORK_SPACE/cvx/functions/vec_/vec.m -> /tmp/tp162c5ade_9b3b_4c5d_b983_e363cc23204brp6902/a/tpabe700f9_107b_41c5_9aa7_67158f4e0e95/vec.m
[0]  C:/_WORK_SPACE/test_py/UKF/MATLAB/OT_codes/others/fig1codes/enkf_samples.m -> /tmp/tp162c5ade_9b3b_4c5d_b983_e363cc23204brp6902/a/tp414330f1_cea9_4a51_8b49_ad5e658ffc53/enkf_samples.m
[0]  C:/_WORK_SPACE/test_py/UKF/MATLAB/OT_codes/others/fig1codes/eq_wsamples.m -> /tmp/tp162c5ade_9b3b_4c5d_b983_e363cc23204brp6902/a/tp414330f1_cea9_4a51_8b49_ad5e658ffc53/eq_wsamples.m
[0]  C:/_WORK_SPACE/test_py/UKF/MATLAB/test/trainingUsingFilters_HPRC.m -> /tmp/tp162c5ade_9b3b_4c5d_b983_e363cc23204brp6902/a/tpd47d75e9_2034_4f9b_84e1_f8a8d1066772/trainingUsingFilters_HPRC.m
[3]2019-06-01 23:42:52 | Replacing C:/_WORK_SPACE/test_py/UKF/MATLAB/utils with tpeb8481ec_49e5_42a5_acd9_6d291165d668 in C:/_WORK_SPACE/test_py/UKF/MATLAB/utils/EnKF.m
[2]2019-06-01 23:42:52 | Replacing C:/_WORK_SPACE/test_py/UKF/MATLAB/utils with tpeb8481ec_49e5_42a5_acd9_6d291165d668 in C:/_WORK_SPACE/test_py/UKF/MATLAB/utils/EnKF.m
[1]2019-06-01 23:42:52 | Replacing C:/_WORK_SPACE/test_py/UKF/MATLAB/utils with tpeb8481ec_49e5_42a5_acd9_6d291165d668 in C:/_WORK_SPACE/test_py/UKF/MATLAB/utils/EnKF.m
[3]2019-06-01 23:42:52 | Replacing C:/_WORK_SPACE/test_py/UKF/MATLAB/utils with tpeb8481ec_49e5_42a5_acd9_6d291165d668 in C:/_WORK_SPACE/test_py/UKF/MATLAB/utils/eq_wsamples.m
[2]2019-06-01 23:42:52 | Replacing C:/_WORK_SPACE/test_py/UKF/MATLAB/utils with tpeb8481ec_49e5_42a5_acd9_6d291165d668 in C:/_WORK_SPACE/test_py/UKF/MATLAB/utils/eq_wsamples.m
[3]2019-06-01 23:42:52 | Replacing C:/_WORK_SPACE/test_py/UKF/MATLAB/utils with tpeb8481ec_49e5_42a5_acd9_6d291165d668 in C:/_WORK_SPACE/test_py/UKF/MATLAB/utils/forwardprop.m
[1]2019-06-01 23:42:52 | Replacing C:/_WORK_SPACE/test_py/UKF/MATLAB/utils with tpeb8481ec_49e5_42a5_acd9_6d291165d668 in C:/_WORK_SPACE/test_py/UKF/MATLAB/utils/eq_wsamples.m
[2]2019-06-01 23:42:52 | Replacing C:/_WORK_SPACE/test_py/UKF/MATLAB/utils with tpeb8481ec_49e5_42a5_acd9_6d291165d668 in C:/_WORK_SPACE/test_py/UKF/MATLAB/utils/forwardprop.m
[3]2019-06-01 23:42:52 | Replacing C:/_WORK_SPACE/test_py/UKF/MATLAB/utils with tpeb8481ec_49e5_42a5_acd9_6d291165d668 in C:/_WORK_SPACE/test_py/UKF/MATLAB/utils/getSigmaPts.m
[1]2019-06-01 23:42:52 | Replacing C:/_WORK_SPACE/test_py/UKF/MATLAB/utils with tpeb8481ec_49e5_42a5_acd9_6d291165d668 in C:/_WORK_SPACE/test_py/UKF/MATLAB/utils/forwardprop.m
[2]2019-06-01 23:42:52 | Replacing C:/_WORK_SPACE/test_py/UKF/MATLAB/utils with tpeb8481ec_49e5_42a5_acd9_6d291165d668 in C:/_WORK_SPACE/test_py/UKF/MATLAB/utils/getSigmaPts.m
[3]2019-06-01 23:42:52 | Replacing C:/_WORK_SPACE/test_py/UKF/MATLAB/utils with tpeb8481ec_49e5_42a5_acd9_6d291165d668 in C:/_WORK_SPACE/test_py/UKF/MATLAB/utils/measModel.m
[1]2019-06-01 23:42:52 | Replacing C:/_WORK_SPACE/test_py/UKF/MATLAB/utils with tpeb8481ec_49e5_42a5_acd9_6d291165d668 in C:/_WORK_SPACE/test_py/UKF/MATLAB/utils/getSigmaPts.m
[2]2019-06-01 23:42:52 | Replacing C:/_WORK_SPACE/test_py/UKF/MATLAB/utils with tpeb8481ec_49e5_42a5_acd9_6d291165d668 in C:/_WORK_SPACE/test_py/UKF/MATLAB/utils/measModel.m
[3]2019-06-01 23:42:52 | Replacing C:/_WORK_SPACE/test_py/UKF/MATLAB/utils with tpeb8481ec_49e5_42a5_acd9_6d291165d668 in C:/_WORK_SPACE/test_py/UKF/MATLAB/utils/multipleEpochEKF.m
[1]2019-06-01 23:42:52 | Replacing C:/_WORK_SPACE/test_py/UKF/MATLAB/utils with tpeb8481ec_49e5_42a5_acd9_6d291165d668 in C:/_WORK_SPACE/test_py/UKF/MATLAB/utils/measModel.m
[2]2019-06-01 23:42:52 | Replacing C:/_WORK_SPACE/test_py/UKF/MATLAB/utils with tpeb8481ec_49e5_42a5_acd9_6d291165d668 in C:/_WORK_SPACE/test_py/UKF/MATLAB/utils/multipleEpochEKF.m
[3]2019-06-01 23:42:52 | Replacing C:/_WORK_SPACE/test_py/UKF/MATLAB/utils with tpeb8481ec_49e5_42a5_acd9_6d291165d668 in C:/_WORK_SPACE/test_py/UKF/MATLAB/utils/multipleEpochEKFv1.m
[1]2019-06-01 23:42:52 | Replacing C:/_WORK_SPACE/test_py/UKF/MATLAB/utils with tpeb8481ec_49e5_42a5_acd9_6d291165d668 in C:/_WORK_SPACE/test_py/UKF/MATLAB/utils/multipleEpochEKF.m
[2]2019-06-01 23:42:52 | Replacing C:/_WORK_SPACE/test_py/UKF/MATLAB/utils with tpeb8481ec_49e5_42a5_acd9_6d291165d668 in C:/_WORK_SPACE/test_py/UKF/MATLAB/utils/multipleEpochEKFv1.m
[3]2019-06-01 23:42:52 | Replacing C:/_WORK_SPACE/test_py/UKF/MATLAB/utils with tpeb8481ec_49e5_42a5_acd9_6d291165d668 in C:/_WORK_SPACE/test_py/UKF/MATLAB/utils/multipleEpochEnKF.m
[2]2019-06-01 23:42:52 | Replacing C:/_WORK_SPACE/test_py/UKF/MATLAB/utils with tpeb8481ec_49e5_42a5_acd9_6d291165d668 in C:/_WORK_SPACE/test_py/UKF/MATLAB/utils/multipleEpochEnKF.m
[1]2019-06-01 23:42:52 | Replacing C:/_WORK_SPACE/test_py/UKF/MATLAB/utils with tpeb8481ec_49e5_42a5_acd9_6d291165d668 in C:/_WORK_SPACE/test_py/UKF/MATLAB/utils/multipleEpochEKFv1.m
[3]2019-06-01 23:42:52 | Replacing C:/_WORK_SPACE/test_py/UKF/MATLAB/utils with tpeb8481ec_49e5_42a5_acd9_6d291165d668 in C:/_WORK_SPACE/test_py/UKF/MATLAB/utils/multipleEpochEnKFv1.m
[2]2019-06-01 23:42:52 | Replacing C:/_WORK_SPACE/test_py/UKF/MATLAB/utils with tpeb8481ec_49e5_42a5_acd9_6d291165d668 in C:/_WORK_SPACE/test_py/UKF/MATLAB/utils/multipleEpochEnKFv1.m
[1]2019-06-01 23:42:52 | Replacing C:/_WORK_SPACE/test_py/UKF/MATLAB/utils with tpeb8481ec_49e5_42a5_acd9_6d291165d668 in C:/_WORK_SPACE/test_py/UKF/MATLAB/utils/multipleEpochEnKF.m
[3]2019-06-01 23:42:52 | Replacing C:/_WORK_SPACE/test_py/UKF/MATLAB/utils with tpeb8481ec_49e5_42a5_acd9_6d291165d668 in C:/_WORK_SPACE/test_py/UKF/MATLAB/utils/multipleEpochOTF.m
[2]2019-06-01 23:42:52 | Replacing C:/_WORK_SPACE/test_py/UKF/MATLAB/utils with tpeb8481ec_49e5_42a5_acd9_6d291165d668 in C:/_WORK_SPACE/test_py/UKF/MATLAB/utils/multipleEpochOTF.m
[1]2019-06-01 23:42:52 | Replacing C:/_WORK_SPACE/test_py/UKF/MATLAB/utils with tpeb8481ec_49e5_42a5_acd9_6d291165d668 in C:/_WORK_SPACE/test_py/UKF/MATLAB/utils/multipleEpochEnKFv1.m
[3]2019-06-01 23:42:52 | Replacing C:/_WORK_SPACE/test_py/UKF/MATLAB/utils with tpeb8481ec_49e5_42a5_acd9_6d291165d668 in C:/_WORK_SPACE/test_py/UKF/MATLAB/utils/multipleEpochUKF.m
[2]2019-06-01 23:42:52 | Replacing C:/_WORK_SPACE/test_py/UKF/MATLAB/utils with tpeb8481ec_49e5_42a5_acd9_6d291165d668 in C:/_WORK_SPACE/test_py/UKF/MATLAB/utils/multipleEpochUKF.m
[1]2019-06-01 23:42:52 | Replacing C:/_WORK_SPACE/test_py/UKF/MATLAB/utils with tpeb8481ec_49e5_42a5_acd9_6d291165d668 in C:/_WORK_SPACE/test_py/UKF/MATLAB/utils/multipleEpochOTF.m
[3]2019-06-01 23:42:52 | Replacing C:/_WORK_SPACE/test_py/UKF/MATLAB/utils with tpeb8481ec_49e5_42a5_acd9_6d291165d668 in C:/_WORK_SPACE/test_py/UKF/MATLAB/utils/multipleEpochUKFv1.m
[2]2019-06-01 23:42:52 | Replacing C:/_WORK_SPACE/test_py/UKF/MATLAB/utils with tpeb8481ec_49e5_42a5_acd9_6d291165d668 in C:/_WORK_SPACE/test_py/UKF/MATLAB/utils/multipleEpochUKFv1.m
[1]2019-06-01 23:42:52 | Replacing C:/_WORK_SPACE/test_py/UKF/MATLAB/utils with tpeb8481ec_49e5_42a5_acd9_6d291165d668 in C:/_WORK_SPACE/test_py/UKF/MATLAB/utils/multipleEpochUKF.m
[3]2019-06-01 23:42:52 | Replacing C:/_WORK_SPACE/test_py/UKF/MATLAB/utils with tpeb8481ec_49e5_42a5_acd9_6d291165d668 in C:/_WORK_SPACE/test_py/UKF/MATLAB/utils/nn2param.m
[2]2019-06-01 23:42:52 | Replacing C:/_WORK_SPACE/test_py/UKF/MATLAB/utils with tpeb8481ec_49e5_42a5_acd9_6d291165d668 in C:/_WORK_SPACE/test_py/UKF/MATLAB/utils/nn2param.m
[1]2019-06-01 23:42:52 | Replacing C:/_WORK_SPACE/test_py/UKF/MATLAB/utils with tpeb8481ec_49e5_42a5_acd9_6d291165d668 in C:/_WORK_SPACE/test_py/UKF/MATLAB/utils/multipleEpochUKFv1.m
[3]2019-06-01 23:42:52 | Replacing C:/_WORK_SPACE/test_py/UKF/MATLAB/utils with tpeb8481ec_49e5_42a5_acd9_6d291165d668 in C:/_WORK_SPACE/test_py/UKF/MATLAB/utils/NNconstruct.m
[2]2019-06-01 23:42:52 | Replacing C:/_WORK_SPACE/test_py/UKF/MATLAB/utils with tpeb8481ec_49e5_42a5_acd9_6d291165d668 in C:/_WORK_SPACE/test_py/UKF/MATLAB/utils/NNconstruct.m
[1]2019-06-01 23:42:52 | Replacing C:/_WORK_SPACE/test_py/UKF/MATLAB/utils with tpeb8481ec_49e5_42a5_acd9_6d291165d668 in C:/_WORK_SPACE/test_py/UKF/MATLAB/utils/nn2param.m
[3]2019-06-01 23:42:52 | Replacing C:/_WORK_SPACE/test_py/UKF/MATLAB/utils with tpeb8481ec_49e5_42a5_acd9_6d291165d668 in C:/_WORK_SPACE/test_py/UKF/MATLAB/utils/nnJacobian.m
[2]2019-06-01 23:42:52 | Replacing C:/_WORK_SPACE/test_py/UKF/MATLAB/utils with tpeb8481ec_49e5_42a5_acd9_6d291165d668 in C:/_WORK_SPACE/test_py/UKF/MATLAB/utils/nnJacobian.m
[1]2019-06-01 23:42:52 | Replacing C:/_WORK_SPACE/test_py/UKF/MATLAB/utils with tpeb8481ec_49e5_42a5_acd9_6d291165d668 in C:/_WORK_SPACE/test_py/UKF/MATLAB/utils/NNconstruct.m
[3]2019-06-01 23:42:52 | Replacing C:/_WORK_SPACE/test_py/UKF/MATLAB/utils with tpeb8481ec_49e5_42a5_acd9_6d291165d668 in C:/_WORK_SPACE/test_py/UKF/MATLAB/utils/OTF.m
[2]2019-06-01 23:42:52 | Replacing C:/_WORK_SPACE/test_py/UKF/MATLAB/utils with tpeb8481ec_49e5_42a5_acd9_6d291165d668 in C:/_WORK_SPACE/test_py/UKF/MATLAB/utils/OTF.m
[1]2019-06-01 23:42:52 | Replacing C:/_WORK_SPACE/test_py/UKF/MATLAB/utils with tpeb8481ec_49e5_42a5_acd9_6d291165d668 in C:/_WORK_SPACE/test_py/UKF/MATLAB/utils/nnJacobian.m
[3]2019-06-01 23:42:52 | Replacing C:/_WORK_SPACE/test_py/UKF/MATLAB/utils with tpeb8481ec_49e5_42a5_acd9_6d291165d668 in C:/_WORK_SPACE/test_py/UKF/MATLAB/utils/param2nn.m
[2]2019-06-01 23:42:52 | Replacing C:/_WORK_SPACE/test_py/UKF/MATLAB/utils with tpeb8481ec_49e5_42a5_acd9_6d291165d668 in C:/_WORK_SPACE/test_py/UKF/MATLAB/utils/param2nn.m
[1]2019-06-01 23:42:52 | Replacing C:/_WORK_SPACE/test_py/UKF/MATLAB/utils with tpeb8481ec_49e5_42a5_acd9_6d291165d668 in C:/_WORK_SPACE/test_py/UKF/MATLAB/utils/OTF.m
[3]2019-06-01 23:42:52 | Replacing C:/_WORK_SPACE/test_py/UKF/MATLAB/utils with tpeb8481ec_49e5_42a5_acd9_6d291165d668 in C:/_WORK_SPACE/test_py/UKF/MATLAB/utils/sigmoid.m
[2]2019-06-01 23:42:52 | Replacing C:/_WORK_SPACE/test_py/UKF/MATLAB/utils with tpeb8481ec_49e5_42a5_acd9_6d291165d668 in C:/_WORK_SPACE/test_py/UKF/MATLAB/utils/sigmoid.m
[1]2019-06-01 23:42:52 | Replacing C:/_WORK_SPACE/test_py/UKF/MATLAB/utils with tpeb8481ec_49e5_42a5_acd9_6d291165d668 in C:/_WORK_SPACE/test_py/UKF/MATLAB/utils/param2nn.m
[3]2019-06-01 23:42:52 | Replacing C:/_WORK_SPACE/test_py/UKF/MATLAB/utils with tpeb8481ec_49e5_42a5_acd9_6d291165d668 in C:/_WORK_SPACE/test_py/UKF/MATLAB/utils/sigmoidot.m
[2]2019-06-01 23:42:52 | Replacing C:/_WORK_SPACE/test_py/UKF/MATLAB/utils with tpeb8481ec_49e5_42a5_acd9_6d291165d668 in C:/_WORK_SPACE/test_py/UKF/MATLAB/utils/sigmoidot.m
[1]2019-06-01 23:42:52 | Replacing C:/_WORK_SPACE/test_py/UKF/MATLAB/utils with tpeb8481ec_49e5_42a5_acd9_6d291165d668 in C:/_WORK_SPACE/test_py/UKF/MATLAB/utils/sigmoid.m
[3]2019-06-01 23:42:52 | Replacing C:/_WORK_SPACE/test_py/UKF/MATLAB/utils with tpeb8481ec_49e5_42a5_acd9_6d291165d668 in C:/_WORK_SPACE/test_py/UKF/MATLAB/utils/weightbiasup.m
[2]2019-06-01 23:42:52 | Replacing C:/_WORK_SPACE/test_py/UKF/MATLAB/utils with tpeb8481ec_49e5_42a5_acd9_6d291165d668 in C:/_WORK_SPACE/test_py/UKF/MATLAB/utils/weightbiasup.m
[1]2019-06-01 23:42:52 | Replacing C:/_WORK_SPACE/test_py/UKF/MATLAB/utils with tpeb8481ec_49e5_42a5_acd9_6d291165d668 in C:/_WORK_SPACE/test_py/UKF/MATLAB/utils/sigmoidot.m
[3]2019-06-01 23:42:52 | Replacing C:/_WORK_SPACE/test_py/UKF/MATLAB/utils with tpeb8481ec_49e5_42a5_acd9_6d291165d668 in C:/_WORK_SPACE/test_py/UKF/MATLAB/utils/weightup.m
[2]2019-06-01 23:42:52 | Replacing C:/_WORK_SPACE/test_py/UKF/MATLAB/utils with tpeb8481ec_49e5_42a5_acd9_6d291165d668 in C:/_WORK_SPACE/test_py/UKF/MATLAB/utils/weightup.m
[1]2019-06-01 23:42:52 | Replacing C:/_WORK_SPACE/test_py/UKF/MATLAB/utils with tpeb8481ec_49e5_42a5_acd9_6d291165d668 in C:/_WORK_SPACE/test_py/UKF/MATLAB/utils/weightbiasup.m
[3]2019-06-01 23:42:52 | Replacing C:/_WORK_SPACE/cvx/functions/vec_/vec.m with tpabe700f9_107b_41c5_9aa7_67158f4e0e95/vec.m in C:/_WORK_SPACE/cvx/functions/vec_/vec.m
[1]2019-06-01 23:42:52 | Replacing C:/_WORK_SPACE/test_py/UKF/MATLAB/utils with tpeb8481ec_49e5_42a5_acd9_6d291165d668 in C:/_WORK_SPACE/test_py/UKF/MATLAB/utils/weightup.m
[2]2019-06-01 23:42:52 | Replacing C:/_WORK_SPACE/cvx/functions/vec_/vec.m with tpabe700f9_107b_41c5_9aa7_67158f4e0e95/vec.m in C:/_WORK_SPACE/cvx/functions/vec_/vec.m
[3]2019-06-01 23:42:52 | Replacing C:/_WORK_SPACE/test_py/UKF/MATLAB/OT_codes/others/fig1codes/enkf_samples.m with tp414330f1_cea9_4a51_8b49_ad5e658ffc53/enkf_samples.m in C:/_WORK_SPACE/test_py/UKF/MATLAB/OT_codes/others/fig1codes/enkf_samples.m
[2]2019-06-01 23:42:52 | Replacing C:/_WORK_SPACE/test_py/UKF/MATLAB/OT_codes/others/fig1codes/enkf_samples.m with tp414330f1_cea9_4a51_8b49_ad5e658ffc53/enkf_samples.m in C:/_WORK_SPACE/test_py/UKF/MATLAB/OT_codes/others/fig1codes/enkf_samples.m
[1]2019-06-01 23:42:52 | Replacing C:/_WORK_SPACE/cvx/functions/vec_/vec.m with tpabe700f9_107b_41c5_9aa7_67158f4e0e95/vec.m in C:/_WORK_SPACE/cvx/functions/vec_/vec.m
[3]2019-06-01 23:42:52 | Replacing C:/_WORK_SPACE/test_py/UKF/MATLAB/OT_codes/others/fig1codes with tp414330f1_cea9_4a51_8b49_ad5e658ffc53 in C:/_WORK_SPACE/test_py/UKF/MATLAB/OT_codes/others/fig1codes/eq_wsamples.m
[2]2019-06-01 23:42:52 | Replacing C:/_WORK_SPACE/test_py/UKF/MATLAB/OT_codes/others/fig1codes with tp414330f1_cea9_4a51_8b49_ad5e658ffc53 in C:/_WORK_SPACE/test_py/UKF/MATLAB/OT_codes/others/fig1codes/eq_wsamples.m
[1]2019-06-01 23:42:52 | Replacing C:/_WORK_SPACE/test_py/UKF/MATLAB/OT_codes/others/fig1codes/enkf_samples.m with tp414330f1_cea9_4a51_8b49_ad5e658ffc53/enkf_samples.m in C:/_WORK_SPACE/test_py/UKF/MATLAB/OT_codes/others/fig1codes/enkf_samples.m
[3]2019-06-01 23:42:52 | Replacing C:/_WORK_SPACE/test_py/UKF/MATLAB/test/trainingUsingFilters_HPRC.m with tpd47d75e9_2034_4f9b_84e1_f8a8d1066772/trainingUsingFilters_HPRC.m in C:/_WORK_SPACE/test_py/UKF/MATLAB/test/trainingUsingFilters_HPRC.m
[2]2019-06-01 23:42:52 | Replacing C:/_WORK_SPACE/test_py/UKF/MATLAB/test/trainingUsingFilters_HPRC.m with tpd47d75e9_2034_4f9b_84e1_f8a8d1066772/trainingUsingFilters_HPRC.m in C:/_WORK_SPACE/test_py/UKF/MATLAB/test/trainingUsingFilters_HPRC.m
[1]2019-06-01 23:42:52 | Replacing C:/_WORK_SPACE/test_py/UKF/MATLAB/OT_codes/others/fig1codes with tp414330f1_cea9_4a51_8b49_ad5e658ffc53 in C:/_WORK_SPACE/test_py/UKF/MATLAB/OT_codes/others/fig1codes/eq_wsamples.m
[1]2019-06-01 23:42:52 | Replacing C:/_WORK_SPACE/test_py/UKF/MATLAB/test/trainingUsingFilters_HPRC.m with tpd47d75e9_2034_4f9b_84e1_f8a8d1066772/trainingUsingFilters_HPRC.m in C:/_WORK_SPACE/test_py/UKF/MATLAB/test/trainingUsingFilters_HPRC.m
[3]2019-06-01 23:42:52 | Created dependency map:
[3]  C:/_WORK_SPACE/test_py/UKF/MATLAB/data/trained_NN_complete_data.mat -> /tmp/tp130f58e1_cf0c_44f3_a0da_975ec25eb31brp6899/a/tp4e5d00cf_aa8d_4905_9384_3a1a39ef55c0/trained_NN_complete_data.mat
[3]  C:/_WORK_SPACE/test_py/UKF/MATLAB/utils/backprop.m -> /tmp/tp130f58e1_cf0c_44f3_a0da_975ec25eb31brp6899/a/tpeb8481ec_49e5_42a5_acd9_6d291165d668/backprop.m
[3]  C:/_WORK_SPACE/test_py/UKF/MATLAB/utils/biasup.m -> /tmp/tp130f58e1_cf0c_44f3_a0da_975ec25eb31brp6899/a/tpeb8481ec_49e5_42a5_acd9_6d291165d668/biasup.m
[3]  C:/_WORK_SPACE/test_py/UKF/MATLAB/utils/CderW.m -> /tmp/tp130f58e1_cf0c_44f3_a0da_975ec25eb31brp6899/a/tpeb8481ec_49e5_42a5_acd9_6d291165d668/CderW.m
[3]  C:/_WORK_SPACE/test_py/UKF/MATLAB/utils/EnKF.m -> /tmp/tp130f58e1_cf0c_44f3_a0da_975ec25eb31brp6899/a/tpeb8481ec_49e5_42a5_acd9_6d291165d668/EnKF.m
[3]  C:/_WORK_SPACE/test_py/UKF/MATLAB/utils/eq_wsamples.m -> /tmp/tp130f58e1_cf0c_44f3_a0da_975ec25eb31brp6899/a/tpeb8481ec_49e5_42a5_acd9_6d291165d668/eq_wsamples.m
[3]  C:/_WORK_SPACE/test_py/UKF/MATLAB/utils/forwardprop.m -> /tmp/tp130f58e1_cf0c_44f3_a0da_975ec25eb31brp6899/a/tpeb8481ec_49e5_42a5_acd9_6d291165d668/forwardprop.m
[3]  C:/_WORK_SPACE/test_py/UKF/MATLAB/utils/getSigmaPts.m -> /tmp/tp130f58e1_cf0c_44f3_a0da_975ec25eb31brp6899/a/tpeb8481ec_49e5_42a5_acd9_6d291165d668/getSigmaPts.m
[3]  C:/_WORK_SPACE/test_py/UKF/MATLAB/utils/measModel.m -> /tmp/tp130f58e1_cf0c_44f3_a0da_975ec25eb31brp6899/a/tpeb8481ec_49e5_42a5_acd9_6d291165d668/measModel.m
[3]  C:/_WORK_SPACE/test_py/UKF/MATLAB/utils/multipleEpochEKF.m -> /tmp/tp130f58e1_cf0c_44f3_a0da_975ec25eb31brp6899/a/tpeb8481ec_49e5_42a5_acd9_6d291165d668/multipleEpochEKF.m
[3]  C:/_WORK_SPACE/test_py/UKF/MATLAB/utils/multipleEpochEKFv1.m -> /tmp/tp130f58e1_cf0c_44f3_a0da_975ec25eb31brp6899/a/tpeb8481ec_49e5_42a5_acd9_6d291165d668/multipleEpochEKFv1.m
[3]  C:/_WORK_SPACE/test_py/UKF/MATLAB/utils/multipleEpochEnKF.m -> /tmp/tp130f58e1_cf0c_44f3_a0da_975ec25eb31brp6899/a/tpeb8481ec_49e5_42a5_acd9_6d291165d668/multipleEpochEnKF.m
[3]  C:/_WORK_SPACE/test_py/UKF/MATLAB/utils/multipleEpochEnKFv1.m -> /tmp/tp130f58e1_cf0c_44f3_a0da_975ec25eb31brp6899/a/tpeb8481ec_49e5_42a5_acd9_6d291165d668/multipleEpochEnKFv1.m
[3]  C:/_WORK_SPACE/test_py/UKF/MATLAB/utils/multipleEpochOTF.m -> /tmp/tp130f58e1_cf0c_44f3_a0da_975ec25eb31brp6899/a/tpeb8481ec_49e5_42a5_acd9_6d291165d668/multipleEpochOTF.m
[3]  C:/_WORK_SPACE/test_py/UKF/MATLAB/utils/multipleEpochUKF.m -> /tmp/tp130f58e1_cf0c_44f3_a0da_975ec25eb31brp6899/a/tpeb8481ec_49e5_42a5_acd9_6d291165d668/multipleEpochUKF.m
[3]  C:/_WORK_SPACE/test_py/UKF/MATLAB/utils/multipleEpochUKFv1.m -> /tmp/tp130f58e1_cf0c_44f3_a0da_975ec25eb31brp6899/a/tpeb8481ec_49e5_42a5_acd9_6d291165d668/multipleEpochUKFv1.m
[3]  C:/_WORK_SPACE/test_py/UKF/MATLAB/utils/nn2param.m -> /tmp/tp130f58e1_cf0c_44f3_a0da_975ec25eb31brp6899/a/tpeb8481ec_49e5_42a5_acd9_6d291165d668/nn2param.m
[3]  C:/_WORK_SPACE/test_py/UKF/MATLAB/utils/NNconstruct.m -> /tmp/tp130f58e1_cf0c_44f3_a0da_975ec25eb31brp6899/a/tpeb8481ec_49e5_42a5_acd9_6d291165d668/NNconstruct.m
[3]  C:/_WORK_SPACE/test_py/UKF/MATLAB/utils/nnJacobian.m -> /tmp/tp130f58e1_cf0c_44f3_a0da_975ec25eb31brp6899/a/tpeb8481ec_49e5_42a5_acd9_6d291165d668/nnJacobian.m
[3]  C:/_WORK_SPACE/test_py/UKF/MATLAB/utils/OTF.m -> /tmp/tp130f58e1_cf0c_44f3_a0da_975ec25eb31brp6899/a/tpeb8481ec_49e5_42a5_acd9_6d291165d668/OTF.m
[3]  C:/_WORK_SPACE/test_py/UKF/MATLAB/utils/param2nn.m -> /tmp/tp130f58e1_cf0c_44f3_a0da_975ec25eb31brp6899/a/tpeb8481ec_49e5_42a5_acd9_6d291165d668/param2nn.m
[3]  C:/_WORK_SPACE/test_py/UKF/MATLAB/utils/sigmoid.m -> /tmp/tp130f58e1_cf0c_44f3_a0da_975ec25eb31brp6899/a/tpeb8481ec_49e5_42a5_acd9_6d291165d668/sigmoid.m
[3]  C:/_WORK_SPACE/test_py/UKF/MATLAB/utils/sigmoidot.m -> /tmp/tp130f58e1_cf0c_44f3_a0da_975ec25eb31brp6899/a/tpeb8481ec_49e5_42a5_acd9_6d291165d668/sigmoidot.m
[3]  C:/_WORK_SPACE/test_py/UKF/MATLAB/utils/weightbiasup.m -> /tmp/tp130f58e1_cf0c_44f3_a0da_975ec25eb31brp6899/a/tpeb8481ec_49e5_42a5_acd9_6d291165d668/weightbiasup.m
[3]  C:/_WORK_SPACE/test_py/UKF/MATLAB/utils/weightup.m -> /tmp/tp130f58e1_cf0c_44f3_a0da_975ec25eb31brp6899/a/tpeb8481ec_49e5_42a5_acd9_6d291165d668/weightup.m
[3]  C:/_WORK_SPACE/cvx/functions/vec_/vec.m -> /tmp/tp130f58e1_cf0c_44f3_a0da_975ec25eb31brp6899/a/tpabe700f9_107b_41c5_9aa7_67158f4e0e95/vec.m
[3]  C:/_WORK_SPACE/test_py/UKF/MATLAB/OT_codes/others/fig1codes/enkf_samples.m -> /tmp/tp130f58e1_cf0c_44f3_a0da_975ec25eb31brp6899/a/tp414330f1_cea9_4a51_8b49_ad5e658ffc53/enkf_samples.m
[3]  C:/_WORK_SPACE/test_py/UKF/MATLAB/OT_codes/others/fig1codes/eq_wsamples.m -> /tmp/tp130f58e1_cf0c_44f3_a0da_975ec25eb31brp6899/a/tp414330f1_cea9_4a51_8b49_ad5e658ffc53/eq_wsamples.m
[3]  C:/_WORK_SPACE/test_py/UKF/MATLAB/test/trainingUsingFilters_HPRC.m -> /tmp/tp130f58e1_cf0c_44f3_a0da_975ec25eb31brp6899/a/tpd47d75e9_2034_4f9b_84e1_f8a8d1066772/trainingUsingFilters_HPRC.m
[2]2019-06-01 23:42:52 | Created dependency map:
[2]  C:/_WORK_SPACE/test_py/UKF/MATLAB/data/trained_NN_complete_data.mat -> /tmp/tp83cb71c2_6351_411a_98ee_49339a878e2frp6900/a/tp4e5d00cf_aa8d_4905_9384_3a1a39ef55c0/trained_NN_complete_data.mat
[2]  C:/_WORK_SPACE/test_py/UKF/MATLAB/utils/backprop.m -> /tmp/tp83cb71c2_6351_411a_98ee_49339a878e2frp6900/a/tpeb8481ec_49e5_42a5_acd9_6d291165d668/backprop.m
[2]  C:/_WORK_SPACE/test_py/UKF/MATLAB/utils/biasup.m -> /tmp/tp83cb71c2_6351_411a_98ee_49339a878e2frp6900/a/tpeb8481ec_49e5_42a5_acd9_6d291165d668/biasup.m
[2]  C:/_WORK_SPACE/test_py/UKF/MATLAB/utils/CderW.m -> /tmp/tp83cb71c2_6351_411a_98ee_49339a878e2frp6900/a/tpeb8481ec_49e5_42a5_acd9_6d291165d668/CderW.m
[2]  C:/_WORK_SPACE/test_py/UKF/MATLAB/utils/EnKF.m -> /tmp/tp83cb71c2_6351_411a_98ee_49339a878e2frp6900/a/tpeb8481ec_49e5_42a5_acd9_6d291165d668/EnKF.m
[2]  C:/_WORK_SPACE/test_py/UKF/MATLAB/utils/eq_wsamples.m -> /tmp/tp83cb71c2_6351_411a_98ee_49339a878e2frp6900/a/tpeb8481ec_49e5_42a5_acd9_6d291165d668/eq_wsamples.m
[2]  C:/_WORK_SPACE/test_py/UKF/MATLAB/utils/forwardprop.m -> /tmp/tp83cb71c2_6351_411a_98ee_49339a878e2frp6900/a/tpeb8481ec_49e5_42a5_acd9_6d291165d668/forwardprop.m
[2]  C:/_WORK_SPACE/test_py/UKF/MATLAB/utils/getSigmaPts.m -> /tmp/tp83cb71c2_6351_411a_98ee_49339a878e2frp6900/a/tpeb8481ec_49e5_42a5_acd9_6d291165d668/getSigmaPts.m
[2]  C:/_WORK_SPACE/test_py/UKF/MATLAB/utils/measModel.m -> /tmp/tp83cb71c2_6351_411a_98ee_49339a878e2frp6900/a/tpeb8481ec_49e5_42a5_acd9_6d291165d668/measModel.m
[2]  C:/_WORK_SPACE/test_py/UKF/MATLAB/utils/multipleEpochEKF.m -> /tmp/tp83cb71c2_6351_411a_98ee_49339a878e2frp6900/a/tpeb8481ec_49e5_42a5_acd9_6d291165d668/multipleEpochEKF.m
[2]  C:/_WORK_SPACE/test_py/UKF/MATLAB/utils/multipleEpochEKFv1.m -> /tmp/tp83cb71c2_6351_411a_98ee_49339a878e2frp6900/a/tpeb8481ec_49e5_42a5_acd9_6d291165d668/multipleEpochEKFv1.m
[2]  C:/_WORK_SPACE/test_py/UKF/MATLAB/utils/multipleEpochEnKF.m -> /tmp/tp83cb71c2_6351_411a_98ee_49339a878e2frp6900/a/tpeb8481ec_49e5_42a5_acd9_6d291165d668/multipleEpochEnKF.m
[2]  C:/_WORK_SPACE/test_py/UKF/MATLAB/utils/multipleEpochEnKFv1.m -> /tmp/tp83cb71c2_6351_411a_98ee_49339a878e2frp6900/a/tpeb8481ec_49e5_42a5_acd9_6d291165d668/multipleEpochEnKFv1.m
[2]  C:/_WORK_SPACE/test_py/UKF/MATLAB/utils/multipleEpochOTF.m -> /tmp/tp83cb71c2_6351_411a_98ee_49339a878e2frp6900/a/tpeb8481ec_49e5_42a5_acd9_6d291165d668/multipleEpochOTF.m
[2]  C:/_WORK_SPACE/test_py/UKF/MATLAB/utils/multipleEpochUKF.m -> /tmp/tp83cb71c2_6351_411a_98ee_49339a878e2frp6900/a/tpeb8481ec_49e5_42a5_acd9_6d291165d668/multipleEpochUKF.m
[2]  C:/_WORK_SPACE/test_py/UKF/MATLAB/utils/multipleEpochUKFv1.m -> /tmp/tp83cb71c2_6351_411a_98ee_49339a878e2frp6900/a/tpeb8481ec_49e5_42a5_acd9_6d291165d668/multipleEpochUKFv1.m
[2]  C:/_WORK_SPACE/test_py/UKF/MATLAB/utils/nn2param.m -> /tmp/tp83cb71c2_6351_411a_98ee_49339a878e2frp6900/a/tpeb8481ec_49e5_42a5_acd9_6d291165d668/nn2param.m
[2]  C:/_WORK_SPACE/test_py/UKF/MATLAB/utils/NNconstruct.m -> /tmp/tp83cb71c2_6351_411a_98ee_49339a878e2frp6900/a/tpeb8481ec_49e5_42a5_acd9_6d291165d668/NNconstruct.m
[2]  C:/_WORK_SPACE/test_py/UKF/MATLAB/utils/nnJacobian.m -> /tmp/tp83cb71c2_6351_411a_98ee_49339a878e2frp6900/a/tpeb8481ec_49e5_42a5_acd9_6d291165d668/nnJacobian.m
[2]  C:/_WORK_SPACE/test_py/UKF/MATLAB/utils/OTF.m -> /tmp/tp83cb71c2_6351_411a_98ee_49339a878e2frp6900/a/tpeb8481ec_49e5_42a5_acd9_6d291165d668/OTF.m
[2]  C:/_WORK_SPACE/test_py/UKF/MATLAB/utils/param2nn.m -> /tmp/tp83cb71c2_6351_411a_98ee_49339a878e2frp6900/a/tpeb8481ec_49e5_42a5_acd9_6d291165d668/param2nn.m
[2]  C:/_WORK_SPACE/test_py/UKF/MATLAB/utils/sigmoid.m -> /tmp/tp83cb71c2_6351_411a_98ee_49339a878e2frp6900/a/tpeb8481ec_49e5_42a5_acd9_6d291165d668/sigmoid.m
[2]  C:/_WORK_SPACE/test_py/UKF/MATLAB/utils/sigmoidot.m -> /tmp/tp83cb71c2_6351_411a_98ee_49339a878e2frp6900/a/tpeb8481ec_49e5_42a5_acd9_6d291165d668/sigmoidot.m
[2]  C:/_WORK_SPACE/test_py/UKF/MATLAB/utils/weightbiasup.m -> /tmp/tp83cb71c2_6351_411a_98ee_49339a878e2frp6900/a/tpeb8481ec_49e5_42a5_acd9_6d291165d668/weightbiasup.m
[2]  C:/_WORK_SPACE/test_py/UKF/MATLAB/utils/weightup.m -> /tmp/tp83cb71c2_6351_411a_98ee_49339a878e2frp6900/a/tpeb8481ec_49e5_42a5_acd9_6d291165d668/weightup.m
[2]  C:/_WORK_SPACE/cvx/functions/vec_/vec.m -> /tmp/tp83cb71c2_6351_411a_98ee_49339a878e2frp6900/a/tpabe700f9_107b_41c5_9aa7_67158f4e0e95/vec.m
[2]  C:/_WORK_SPACE/test_py/UKF/MATLAB/OT_codes/others/fig1codes/enkf_samples.m -> /tmp/tp83cb71c2_6351_411a_98ee_49339a878e2frp6900/a/tp414330f1_cea9_4a51_8b49_ad5e658ffc53/enkf_samples.m
[2]  C:/_WORK_SPACE/test_py/UKF/MATLAB/OT_codes/others/fig1codes/eq_wsamples.m -> /tmp/tp83cb71c2_6351_411a_98ee_49339a878e2frp6900/a/tp414330f1_cea9_4a51_8b49_ad5e658ffc53/eq_wsamples.m
[2]  C:/_WORK_SPACE/test_py/UKF/MATLAB/test/trainingUsingFilters_HPRC.m -> /tmp/tp83cb71c2_6351_411a_98ee_49339a878e2frp6900/a/tpd47d75e9_2034_4f9b_84e1_f8a8d1066772/trainingUsingFilters_HPRC.m
[1]2019-06-01 23:42:52 | Created dependency map:
[1]  C:/_WORK_SPACE/test_py/UKF/MATLAB/data/trained_NN_complete_data.mat -> /tmp/tpbafc17ba_b0fc_4e5c_8564_7f3e2db95c4brp6901/a/tp4e5d00cf_aa8d_4905_9384_3a1a39ef55c0/trained_NN_complete_data.mat
[1]  C:/_WORK_SPACE/test_py/UKF/MATLAB/utils/backprop.m -> /tmp/tpbafc17ba_b0fc_4e5c_8564_7f3e2db95c4brp6901/a/tpeb8481ec_49e5_42a5_acd9_6d291165d668/backprop.m
[1]  C:/_WORK_SPACE/test_py/UKF/MATLAB/utils/biasup.m -> /tmp/tpbafc17ba_b0fc_4e5c_8564_7f3e2db95c4brp6901/a/tpeb8481ec_49e5_42a5_acd9_6d291165d668/biasup.m
[1]  C:/_WORK_SPACE/test_py/UKF/MATLAB/utils/CderW.m -> /tmp/tpbafc17ba_b0fc_4e5c_8564_7f3e2db95c4brp6901/a/tpeb8481ec_49e5_42a5_acd9_6d291165d668/CderW.m
[1]  C:/_WORK_SPACE/test_py/UKF/MATLAB/utils/EnKF.m -> /tmp/tpbafc17ba_b0fc_4e5c_8564_7f3e2db95c4brp6901/a/tpeb8481ec_49e5_42a5_acd9_6d291165d668/EnKF.m
[1]  C:/_WORK_SPACE/test_py/UKF/MATLAB/utils/eq_wsamples.m -> /tmp/tpbafc17ba_b0fc_4e5c_8564_7f3e2db95c4brp6901/a/tpeb8481ec_49e5_42a5_acd9_6d291165d668/eq_wsamples.m
[1]  C:/_WORK_SPACE/test_py/UKF/MATLAB/utils/forwardprop.m -> /tmp/tpbafc17ba_b0fc_4e5c_8564_7f3e2db95c4brp6901/a/tpeb8481ec_49e5_42a5_acd9_6d291165d668/forwardprop.m
[1]  C:/_WORK_SPACE/test_py/UKF/MATLAB/utils/getSigmaPts.m -> /tmp/tpbafc17ba_b0fc_4e5c_8564_7f3e2db95c4brp6901/a/tpeb8481ec_49e5_42a5_acd9_6d291165d668/getSigmaPts.m
[1]  C:/_WORK_SPACE/test_py/UKF/MATLAB/utils/measModel.m -> /tmp/tpbafc17ba_b0fc_4e5c_8564_7f3e2db95c4brp6901/a/tpeb8481ec_49e5_42a5_acd9_6d291165d668/measModel.m
[1]  C:/_WORK_SPACE/test_py/UKF/MATLAB/utils/multipleEpochEKF.m -> /tmp/tpbafc17ba_b0fc_4e5c_8564_7f3e2db95c4brp6901/a/tpeb8481ec_49e5_42a5_acd9_6d291165d668/multipleEpochEKF.m
[1]  C:/_WORK_SPACE/test_py/UKF/MATLAB/utils/multipleEpochEKFv1.m -> /tmp/tpbafc17ba_b0fc_4e5c_8564_7f3e2db95c4brp6901/a/tpeb8481ec_49e5_42a5_acd9_6d291165d668/multipleEpochEKFv1.m
[1]  C:/_WORK_SPACE/test_py/UKF/MATLAB/utils/multipleEpochEnKF.m -> /tmp/tpbafc17ba_b0fc_4e5c_8564_7f3e2db95c4brp6901/a/tpeb8481ec_49e5_42a5_acd9_6d291165d668/multipleEpochEnKF.m
[1]  C:/_WORK_SPACE/test_py/UKF/MATLAB/utils/multipleEpochEnKFv1.m -> /tmp/tpbafc17ba_b0fc_4e5c_8564_7f3e2db95c4brp6901/a/tpeb8481ec_49e5_42a5_acd9_6d291165d668/multipleEpochEnKFv1.m
[1]  C:/_WORK_SPACE/test_py/UKF/MATLAB/utils/multipleEpochOTF.m -> /tmp/tpbafc17ba_b0fc_4e5c_8564_7f3e2db95c4brp6901/a/tpeb8481ec_49e5_42a5_acd9_6d291165d668/multipleEpochOTF.m
[1]  C:/_WORK_SPACE/test_py/UKF/MATLAB/utils/multipleEpochUKF.m -> /tmp/tpbafc17ba_b0fc_4e5c_8564_7f3e2db95c4brp6901/a/tpeb8481ec_49e5_42a5_acd9_6d291165d668/multipleEpochUKF.m
[1]  C:/_WORK_SPACE/test_py/UKF/MATLAB/utils/multipleEpochUKFv1.m -> /tmp/tpbafc17ba_b0fc_4e5c_8564_7f3e2db95c4brp6901/a/tpeb8481ec_49e5_42a5_acd9_6d291165d668/multipleEpochUKFv1.m
[1]  C:/_WORK_SPACE/test_py/UKF/MATLAB/utils/nn2param.m -> /tmp/tpbafc17ba_b0fc_4e5c_8564_7f3e2db95c4brp6901/a/tpeb8481ec_49e5_42a5_acd9_6d291165d668/nn2param.m
[1]  C:/_WORK_SPACE/test_py/UKF/MATLAB/utils/NNconstruct.m -> /tmp/tpbafc17ba_b0fc_4e5c_8564_7f3e2db95c4brp6901/a/tpeb8481ec_49e5_42a5_acd9_6d291165d668/NNconstruct.m
[1]  C:/_WORK_SPACE/test_py/UKF/MATLAB/utils/nnJacobian.m -> /tmp/tpbafc17ba_b0fc_4e5c_8564_7f3e2db95c4brp6901/a/tpeb8481ec_49e5_42a5_acd9_6d291165d668/nnJacobian.m
[1]  C:/_WORK_SPACE/test_py/UKF/MATLAB/utils/OTF.m -> /tmp/tpbafc17ba_b0fc_4e5c_8564_7f3e2db95c4brp6901/a/tpeb8481ec_49e5_42a5_acd9_6d291165d668/OTF.m
[1]  C:/_WORK_SPACE/test_py/UKF/MATLAB/utils/param2nn.m -> /tmp/tpbafc17ba_b0fc_4e5c_8564_7f3e2db95c4brp6901/a/tpeb8481ec_49e5_42a5_acd9_6d291165d668/param2nn.m
[1]  C:/_WORK_SPACE/test_py/UKF/MATLAB/utils/sigmoid.m -> /tmp/tpbafc17ba_b0fc_4e5c_8564_7f3e2db95c4brp6901/a/tpeb8481ec_49e5_42a5_acd9_6d291165d668/sigmoid.m
[1]  C:/_WORK_SPACE/test_py/UKF/MATLAB/utils/sigmoidot.m -> /tmp/tpbafc17ba_b0fc_4e5c_8564_7f3e2db95c4brp6901/a/tpeb8481ec_49e5_42a5_acd9_6d291165d668/sigmoidot.m
[1]  C:/_WORK_SPACE/test_py/UKF/MATLAB/utils/weightbiasup.m -> /tmp/tpbafc17ba_b0fc_4e5c_8564_7f3e2db95c4brp6901/a/tpeb8481ec_49e5_42a5_acd9_6d291165d668/weightbiasup.m
[1]  C:/_WORK_SPACE/test_py/UKF/MATLAB/utils/weightup.m -> /tmp/tpbafc17ba_b0fc_4e5c_8564_7f3e2db95c4brp6901/a/tpeb8481ec_49e5_42a5_acd9_6d291165d668/weightup.m
[1]  C:/_WORK_SPACE/cvx/functions/vec_/vec.m -> /tmp/tpbafc17ba_b0fc_4e5c_8564_7f3e2db95c4brp6901/a/tpabe700f9_107b_41c5_9aa7_67158f4e0e95/vec.m
[1]  C:/_WORK_SPACE/test_py/UKF/MATLAB/OT_codes/others/fig1codes/enkf_samples.m -> /tmp/tpbafc17ba_b0fc_4e5c_8564_7f3e2db95c4brp6901/a/tp414330f1_cea9_4a51_8b49_ad5e658ffc53/enkf_samples.m
[1]  C:/_WORK_SPACE/test_py/UKF/MATLAB/OT_codes/others/fig1codes/eq_wsamples.m -> /tmp/tpbafc17ba_b0fc_4e5c_8564_7f3e2db95c4brp6901/a/tp414330f1_cea9_4a51_8b49_ad5e658ffc53/eq_wsamples.m
[1]  C:/_WORK_SPACE/test_py/UKF/MATLAB/test/trainingUsingFilters_HPRC.m -> /tmp/tpbafc17ba_b0fc_4e5c_8564_7f3e2db95c4brp6901/a/tpd47d75e9_2034_4f9b_84e1_f8a8d1066772/trainingUsingFilters_HPRC.m
[0]2019-06-01 23:42:52 | Calling clear('functions'), and closing simulink models
[3]2019-06-01 23:42:52 | Calling clear('functions'), and closing simulink models
[2]2019-06-01 23:42:52 | Calling clear('functions'), and closing simulink models
[1]2019-06-01 23:42:52 | Calling clear('functions'), and closing simulink models
[0]2019-06-01 23:42:52 | About to call jobStartup
[0]2019-06-01 23:42:52 | About to push FileWriter on stack
[3]2019-06-01 23:42:52 | About to call jobStartup
[0]2019-06-01 23:42:52 | FileWriter popped off stack
[0]2019-06-01 23:42:52 | About to call taskStartup
[2]2019-06-01 23:42:52 | About to call jobStartup
[1]2019-06-01 23:42:52 | About to call jobStartup
[3]2019-06-01 23:42:52 | About to push FileWriter on stack
[3]2019-06-01 23:42:52 | FileWriter popped off stack
[2]2019-06-01 23:42:52 | About to push FileWriter on stack
[1]2019-06-01 23:42:52 | About to push FileWriter on stack
[3]2019-06-01 23:42:52 | About to call taskStartup
[0]2019-06-01 23:42:52 | About to push FileWriter on stack
[1]2019-06-01 23:42:52 | FileWriter popped off stack
[2]2019-06-01 23:42:52 | FileWriter popped off stack
[0]2019-06-01 23:42:52 | FileWriter popped off stack
[0]2019-06-01 23:42:52 | About to get evaluation data
[1]2019-06-01 23:42:52 | About to call taskStartup
[2]2019-06-01 23:42:52 | About to call taskStartup
[3]2019-06-01 23:42:52 | About to push FileWriter on stack
[3]2019-06-01 23:42:52 | FileWriter popped off stack
[3]2019-06-01 23:42:52 | About to get evaluation data
[1]2019-06-01 23:42:52 | About to push FileWriter on stack
[2]2019-06-01 23:42:52 | About to push FileWriter on stack
[1]2019-06-01 23:42:52 | FileWriter popped off stack
[2]2019-06-01 23:42:52 | FileWriter popped off stack
[1]2019-06-01 23:42:52 | About to get evaluation data
[2]2019-06-01 23:42:52 | About to get evaluation data
[0]2019-06-01 23:42:52 | About to pInstantiatePool
[3]2019-06-01 23:42:52 | About to pInstantiatePool
[2]2019-06-01 23:42:52 | About to pInstantiatePool
[1]2019-06-01 23:42:52 | About to pInstantiatePool
[3]2019-06-01 23:42:53 | Creating session with strategy: ALL_WORKERS_CONNECT_TO_CLIENT
[2]2019-06-01 23:42:53 | Creating session with strategy: ALL_WORKERS_CONNECT_TO_CLIENT
[1]2019-06-01 23:42:53 | Creating session with strategy: ALL_WORKERS_CONNECT_TO_CLIENT
[3]2019-06-01 23:42:53 | >> parallel.internal.getJavaFutureInterruptibly: timeout Inf seconds
[2]2019-06-01 23:42:53 | >> parallel.internal.getJavaFutureInterruptibly: timeout Inf seconds
[1]2019-06-01 23:42:53 | >> parallel.internal.getJavaFutureInterruptibly: timeout Inf seconds
[1]2019-06-01 23:42:53 | << parallel.internal.getJavaFutureInterruptibly done: 1 shouldInterruptFcn 0 timeoutExpired 0
[2]2019-06-01 23:42:53 | << parallel.internal.getJavaFutureInterruptibly done: 1 shouldInterruptFcn 0 timeoutExpired 0
[3]2019-06-01 23:42:53 | << parallel.internal.getJavaFutureInterruptibly done: 1 shouldInterruptFcn 0 timeoutExpired 0
[0]2019-06-01 23:42:53 | Pool instantiation complete
[0]2019-06-01 23:42:53 | About to call poolStartup
[0]2019-06-01 23:42:53 | About to push FileWriter on stack
[0]2019-06-01 23:42:53 | FileWriter popped off stack
[0]2019-06-01 23:42:53 | Begin task function
[0]2019-06-01 23:42:53 | About to push FileWriter on stack
[0]2019-06-01 23:43:46 | FileWriter popped off stack
[0]2019-06-01 23:43:46 | End task function
[0]2019-06-01 23:43:46 | dctEvaluateFunctionArray calling: @()taskPostFcn(runprop.TaskEvaluator) with args
[0]2019-06-01 23:43:46 | About to shutdown pool
[0]Sending a stop signal to all the labs...
[0]2019-06-01 23:43:46 | Pool shutdown complete - labs shutdown OK == 1
[0]2019-06-01 23:43:46 | Changing directory back to original working directory: /general/home/vedang.deshpande
[0]2019-06-01 23:43:46 | About to call taskFinish
[0]2019-06-01 23:43:46 | About to push FileWriter on stack
[0]2019-06-01 23:43:46 | FileWriter popped off stack
[0]2019-06-01 23:43:46 | dctEvaluateFunctionArray done.
[0]2019-06-01 23:43:46 | dctEvaluateFunctionArray calling: iFinishTask with args
[0]2019-06-01 23:43:46 | About to call pPostTaskEvaluate
[0]Warning: The system time zone setting, 'US/Central', does not specify a single time zone unambiguously. It will be treated as 'America/Chicago'. See the <a href="matlab:doc('datetime.TimeZone')">datetime.TimeZone property</a> for details about specifying time zones.
[0]> In verifyTimeZone (line 23)
[0]  In datetime (line 515)
[0]  In parallel.task.CJSTask/pPostTaskEvaluate (line 200)
[0]  In distcomp_evaluate_filetask_core>iFinishTask (line 183)
[0]  In distcomp_evaluate_filetask_core>@(job,task,out)iFinishTask(handlers,job,task,out,originalPath) (line 152)
[0]  In dctEvaluateTask>iFinishTask (line 114)
[0]  In dctEvaluateFunctionArray (line 18)
[0]  In dctEvaluateTask (line 101)
[0]  In distcomp_evaluate_filetask_core>iDoTask (line 153)
[0]  In distcomp_evaluate_filetask_core (line 52)
[0]2019-06-01 23:43:46 | About to call pPostJobEvaluate
[0]2019-06-01 23:43:48 | dctEvaluateFunctionArray done.
[0]2019-06-01 23:43:48 | dctEvaluateFunctionArray calling: removeDirectory with args
[0]2019-06-01 23:43:48 | dctEvaluateFunctionArray done.
[0]2019-06-01 23:43:48 | dctEvaluateFunctionArray calling: removeDirectory with args
[0]2019-06-01 23:43:48 | Removed /tmp/tp162c5ade_9b3b_4c5d_b983_e363cc23204brp6902 with result: 1, message: 
[0]2019-06-01 23:43:48 | dctEvaluateFunctionArray done.
[0]2019-06-01 23:43:48 | dctEvaluateFunctionArray calling: iExitFunction with args
[0]2019-06-01 23:43:48 | About to exit MATLAB normally
[0]2019-06-01 23:43:48 | About to exit with code: 0

Stopping SMPD on  nxt1357 ...
ssh -o StrictHostKeyChecking=no -o UserKnownHostsFile=/dev/null nxt1357 "/software/hprc/Matlab/R2017a/bin/mw_smpd" -shutdown -phrase MATLAB -port 24697
Warning: Permanently added 'nxt1357,10.70.13.57' (RSA) to the list of known hosts.
Exiting with code: 0

------------------------------------------------------------
Sender: LSF System <lsfadmin@nxt1357>
Subject: Job 8374697: <Job11> in cluster <Main_Compute> Done

Job <Job11> was submitted from host <login4> by user <vedang.deshpande> in cluster <Main_Compute>.
Job was executed on host(s) <4*nxt1357>, in queue <sn_regular>, as user <vedang.deshpande> in cluster <Main_Compute>.
</home/vedang.deshpande> was used as the home directory.
</general/home/vedang.deshpande> was used as the working directory.
Started at Sat Jun  1 23:42:20 2019
Results reported on Sat Jun  1 23:43:50 2019

Your job looked like:

------------------------------------------------------------
# LSBATCH: User input
/scratch/user/vedang.deshpande/MatlabJobs/TAMUREMOTE/Job11/rcommunicatingJobWrapper.sh
------------------------------------------------------------

Successfully completed.

Resource usage summary:

    CPU time :                                   0.38 sec.
    Max Memory :                                 13 MB
    Average Memory :                             12.77 MB
    Total Requested Memory :                     5000.00 MB
    Delta Memory :                               4987.00 MB
    Max Processes :                              4
    Max Threads :                                5

The output (if any) is above this job summary.

