Executing: /software/hprc/Matlab/R2017a/bin/worker 

                            < M A T L A B (R) >
                  Copyright 1984-2017 The MathWorks, Inc.
                   R2017a (9.2.0.538062) 64-bit (glnxa64)
                             February 23, 2017

 
To get started, type one of these: helpwin, helpdesk, or demo.
For product information, visit www.mathworks.com.
 
2019-06-01 16:47:48 | About to evaluate task with DistcompEvaluateFileTask
2019-06-01 16:47:48 | Enter distcomp_evaluate_filetask_core
2019-06-01 16:47:48 | Enter distcomp_evaluate_filetask_core/iSetup
2019-06-01 16:47:48 | This process will exit on any fault.
2019-06-01 16:47:48 | This process will exit when its parent process dies.
2019-06-01 16:47:48 | About to call decode function.
2019-06-01 16:47:48 | In parallel.cluster.generic.independentDecodeFcn
2019-06-01 16:47:49 | Setting the desktop client to a new client with username 
2019-06-01 16:47:49 | About to construct the storage object using constructor "makeFileStorageObject" and location "/scratch/user/vedang.deshpande/MatlabJobs/TAMUREMOTE"
2019-06-01 16:47:51 | About to find job and task using locations "Job6" and "Job6/Task1"
2019-06-01 16:47:52 | Setting the TaskEvaluator to the CJSStreamingEvaluator
2019-06-01 16:47:52 | Setting number of computational threads to 16.
2019-06-01 16:47:52 | MATLAB Drive Enabled 0
2019-06-01 16:47:52 | Completed pre-execution phase
2019-06-01 16:47:52 | About to pPreJobEvaluate
Warning: The system time zone setting, 'US/Central', does not specify a single time zone unambiguously. It will be treated as 'America/Chicago'. See the <a href="matlab:doc('datetime.TimeZone')">datetime.TimeZone property</a> for details about specifying time zones.
> In verifyTimeZone (line 23)
  In datetime (line 515)
  In preCJSJob
  In parallel.job.CJSIndependentJob/pPreJobEvaluate (line 121)
  In dctEvaluateTask (line 23)
  In distcomp_evaluate_filetask_core>iDoTask (line 153)
  In distcomp_evaluate_filetask_core (line 52)
2019-06-01 16:47:53 | About to pPreTaskEvaluate
2019-06-01 16:47:54 | About to add job dependencies
2019-06-01 16:47:54 | > JobPathHelper.addAdditionalPaths
2019-06-01 16:47:54 | > JobPathHelper.getPathsToAdd
2019-06-01 16:47:54 | < JobPathHelper.getPathsToAdd ~isMATLABDriveEnabledOnWorker
2019-06-01 16:47:54 | Not adding path dependencies as there is no change required to the path.
2019-06-01 16:47:54 | < JobPathHelper.addAdditionalPaths
2019-06-01 16:47:54 | About to add dependencies to path:
C:/_WORK_SPACE/test_py/UKF/MATLAB/data/trained_NN_complete_data.mat
C:/_WORK_SPACE/test_py/UKF/MATLAB/utils/backprop.m
C:/_WORK_SPACE/test_py/UKF/MATLAB/utils/biasup.m
C:/_WORK_SPACE/test_py/UKF/MATLAB/utils/CderW.m
C:/_WORK_SPACE/test_py/UKF/MATLAB/utils/EnKF.m
C:/_WORK_SPACE/test_py/UKF/MATLAB/utils/forwardprop.m
C:/_WORK_SPACE/test_py/UKF/MATLAB/utils/getSigmaPts.m
C:/_WORK_SPACE/test_py/UKF/MATLAB/utils/measModel.m
C:/_WORK_SPACE/test_py/UKF/MATLAB/utils/multipleEpochEKF.m
C:/_WORK_SPACE/test_py/UKF/MATLAB/utils/multipleEpochEKFv1.m
C:/_WORK_SPACE/test_py/UKF/MATLAB/utils/multipleEpochEnKF.m
C:/_WORK_SPACE/test_py/UKF/MATLAB/utils/multipleEpochEnKFv1.m
C:/_WORK_SPACE/test_py/UKF/MATLAB/utils/multipleEpochOTF.m
C:/_WORK_SPACE/test_py/UKF/MATLAB/utils/multipleEpochUKF.m
C:/_WORK_SPACE/test_py/UKF/MATLAB/utils/multipleEpochUKFv1.m
C:/_WORK_SPACE/test_py/UKF/MATLAB/utils/nn2param.m
C:/_WORK_SPACE/test_py/UKF/MATLAB/utils/NNconstruct.m
C:/_WORK_SPACE/test_py/UKF/MATLAB/utils/nnJacobian.m
C:/_WORK_SPACE/test_py/UKF/MATLAB/utils/OTF.m
C:/_WORK_SPACE/test_py/UKF/MATLAB/utils/param2nn.m
C:/_WORK_SPACE/test_py/UKF/MATLAB/utils/sigmoid.m
C:/_WORK_SPACE/test_py/UKF/MATLAB/utils/sigmoidot.m
C:/_WORK_SPACE/test_py/UKF/MATLAB/utils/weightbiasup.m
C:/_WORK_SPACE/test_py/UKF/MATLAB/utils/weightup.m
C:/_WORK_SPACE/cvx/functions/vec_/vec.m
C:/_WORK_SPACE/test_py/UKF/MATLAB/OT_codes/others/fig1codes/enkf_samples.m
C:/_WORK_SPACE/test_py/UKF/MATLAB/OT_codes/others/fig1codes/eq_wsamples.m
C:/_WORK_SPACE/test_py/UKF/MATLAB/test/trainingUsingFilters_HPRC.m

2019-06-01 16:47:54 | Adding dependency paths:
/tmp/tpbbb6f2a7_59ad_42a7_b3dc_266c3087940drp26394/a/tp3c47bbf7_8a6a_405a_b0be_5809f0be3a11
/tmp/tpbbb6f2a7_59ad_42a7_b3dc_266c3087940drp26394/a/tp3c47bbf7_8a6a_405a_b0be_5809f0be3a11/vec.m
/tmp/tpbbb6f2a7_59ad_42a7_b3dc_266c3087940drp26394/a/tpf73c36a4_5581_40ab_8e8e_2b85deb0737c
/tmp/tpbbb6f2a7_59ad_42a7_b3dc_266c3087940drp26394/a/tpf73c36a4_5581_40ab_8e8e_2b85deb0737c/enkf_samples.m
/tmp/tpbbb6f2a7_59ad_42a7_b3dc_266c3087940drp26394/a/tp670c5770_1519_40f2_9ea9_ba4256a103da
/tmp/tpbbb6f2a7_59ad_42a7_b3dc_266c3087940drp26394/a/tp670c5770_1519_40f2_9ea9_ba4256a103da/trained_NN_complete_data.mat
/tmp/tpbbb6f2a7_59ad_42a7_b3dc_266c3087940drp26394/a/tp54bc0298_9620_4518_b5c8_3e1513b78daf
/tmp/tpbbb6f2a7_59ad_42a7_b3dc_266c3087940drp26394/a/tp54bc0298_9620_4518_b5c8_3e1513b78daf/trainingUsingFilters_HPRC.m
/tmp/tpbbb6f2a7_59ad_42a7_b3dc_266c3087940drp26394/a/tpa2f2c99a_dab1_4557_b0b4_89a625293495
/tmp/tpbbb6f2a7_59ad_42a7_b3dc_266c3087940drp26394/a/tpa2f2c99a_dab1_4557_b0b4_89a625293495/CderW.m

2019-06-01 16:47:54 | Replacing C:/_WORK_SPACE/test_py/UKF/MATLAB/data/trained_NN_complete_data.mat with tp670c5770_1519_40f2_9ea9_ba4256a103da/trained_NN_complete_data.mat in C:/_WORK_SPACE/test_py/UKF/MATLAB/data/trained_NN_complete_data.mat
2019-06-01 16:47:54 | Replacing C:/_WORK_SPACE/test_py/UKF/MATLAB/utils with tpa2f2c99a_dab1_4557_b0b4_89a625293495 in C:/_WORK_SPACE/test_py/UKF/MATLAB/utils/backprop.m
2019-06-01 16:47:54 | Replacing C:/_WORK_SPACE/test_py/UKF/MATLAB/utils with tpa2f2c99a_dab1_4557_b0b4_89a625293495 in C:/_WORK_SPACE/test_py/UKF/MATLAB/utils/biasup.m
2019-06-01 16:47:54 | Replacing C:/_WORK_SPACE/test_py/UKF/MATLAB/utils/CderW.m with tpa2f2c99a_dab1_4557_b0b4_89a625293495/CderW.m in C:/_WORK_SPACE/test_py/UKF/MATLAB/utils/CderW.m
2019-06-01 16:47:54 | Replacing C:/_WORK_SPACE/test_py/UKF/MATLAB/utils with tpa2f2c99a_dab1_4557_b0b4_89a625293495 in C:/_WORK_SPACE/test_py/UKF/MATLAB/utils/EnKF.m
2019-06-01 16:47:54 | Replacing C:/_WORK_SPACE/test_py/UKF/MATLAB/utils with tpa2f2c99a_dab1_4557_b0b4_89a625293495 in C:/_WORK_SPACE/test_py/UKF/MATLAB/utils/forwardprop.m
2019-06-01 16:47:54 | Replacing C:/_WORK_SPACE/test_py/UKF/MATLAB/utils with tpa2f2c99a_dab1_4557_b0b4_89a625293495 in C:/_WORK_SPACE/test_py/UKF/MATLAB/utils/getSigmaPts.m
2019-06-01 16:47:54 | Replacing C:/_WORK_SPACE/test_py/UKF/MATLAB/utils with tpa2f2c99a_dab1_4557_b0b4_89a625293495 in C:/_WORK_SPACE/test_py/UKF/MATLAB/utils/measModel.m
2019-06-01 16:47:54 | Replacing C:/_WORK_SPACE/test_py/UKF/MATLAB/utils with tpa2f2c99a_dab1_4557_b0b4_89a625293495 in C:/_WORK_SPACE/test_py/UKF/MATLAB/utils/multipleEpochEKF.m
2019-06-01 16:47:54 | Replacing C:/_WORK_SPACE/test_py/UKF/MATLAB/utils with tpa2f2c99a_dab1_4557_b0b4_89a625293495 in C:/_WORK_SPACE/test_py/UKF/MATLAB/utils/multipleEpochEKFv1.m
2019-06-01 16:47:54 | Replacing C:/_WORK_SPACE/test_py/UKF/MATLAB/utils with tpa2f2c99a_dab1_4557_b0b4_89a625293495 in C:/_WORK_SPACE/test_py/UKF/MATLAB/utils/multipleEpochEnKF.m
2019-06-01 16:47:54 | Replacing C:/_WORK_SPACE/test_py/UKF/MATLAB/utils with tpa2f2c99a_dab1_4557_b0b4_89a625293495 in C:/_WORK_SPACE/test_py/UKF/MATLAB/utils/multipleEpochEnKFv1.m
2019-06-01 16:47:54 | Replacing C:/_WORK_SPACE/test_py/UKF/MATLAB/utils with tpa2f2c99a_dab1_4557_b0b4_89a625293495 in C:/_WORK_SPACE/test_py/UKF/MATLAB/utils/multipleEpochOTF.m
2019-06-01 16:47:54 | Replacing C:/_WORK_SPACE/test_py/UKF/MATLAB/utils with tpa2f2c99a_dab1_4557_b0b4_89a625293495 in C:/_WORK_SPACE/test_py/UKF/MATLAB/utils/multipleEpochUKF.m
2019-06-01 16:47:54 | Replacing C:/_WORK_SPACE/test_py/UKF/MATLAB/utils with tpa2f2c99a_dab1_4557_b0b4_89a625293495 in C:/_WORK_SPACE/test_py/UKF/MATLAB/utils/multipleEpochUKFv1.m
2019-06-01 16:47:54 | Replacing C:/_WORK_SPACE/test_py/UKF/MATLAB/utils with tpa2f2c99a_dab1_4557_b0b4_89a625293495 in C:/_WORK_SPACE/test_py/UKF/MATLAB/utils/nn2param.m
2019-06-01 16:47:54 | Replacing C:/_WORK_SPACE/test_py/UKF/MATLAB/utils with tpa2f2c99a_dab1_4557_b0b4_89a625293495 in C:/_WORK_SPACE/test_py/UKF/MATLAB/utils/NNconstruct.m
2019-06-01 16:47:54 | Replacing C:/_WORK_SPACE/test_py/UKF/MATLAB/utils with tpa2f2c99a_dab1_4557_b0b4_89a625293495 in C:/_WORK_SPACE/test_py/UKF/MATLAB/utils/nnJacobian.m
2019-06-01 16:47:54 | Replacing C:/_WORK_SPACE/test_py/UKF/MATLAB/utils with tpa2f2c99a_dab1_4557_b0b4_89a625293495 in C:/_WORK_SPACE/test_py/UKF/MATLAB/utils/OTF.m
2019-06-01 16:47:54 | Replacing C:/_WORK_SPACE/test_py/UKF/MATLAB/utils with tpa2f2c99a_dab1_4557_b0b4_89a625293495 in C:/_WORK_SPACE/test_py/UKF/MATLAB/utils/param2nn.m
2019-06-01 16:47:54 | Replacing C:/_WORK_SPACE/test_py/UKF/MATLAB/utils with tpa2f2c99a_dab1_4557_b0b4_89a625293495 in C:/_WORK_SPACE/test_py/UKF/MATLAB/utils/sigmoid.m
2019-06-01 16:47:54 | Replacing C:/_WORK_SPACE/test_py/UKF/MATLAB/utils with tpa2f2c99a_dab1_4557_b0b4_89a625293495 in C:/_WORK_SPACE/test_py/UKF/MATLAB/utils/sigmoidot.m
2019-06-01 16:47:54 | Replacing C:/_WORK_SPACE/test_py/UKF/MATLAB/utils with tpa2f2c99a_dab1_4557_b0b4_89a625293495 in C:/_WORK_SPACE/test_py/UKF/MATLAB/utils/weightbiasup.m
2019-06-01 16:47:54 | Replacing C:/_WORK_SPACE/test_py/UKF/MATLAB/utils with tpa2f2c99a_dab1_4557_b0b4_89a625293495 in C:/_WORK_SPACE/test_py/UKF/MATLAB/utils/weightup.m
2019-06-01 16:47:54 | Replacing C:/_WORK_SPACE/cvx/functions/vec_/vec.m with tp3c47bbf7_8a6a_405a_b0be_5809f0be3a11/vec.m in C:/_WORK_SPACE/cvx/functions/vec_/vec.m
2019-06-01 16:47:54 | Replacing C:/_WORK_SPACE/test_py/UKF/MATLAB/OT_codes/others/fig1codes/enkf_samples.m with tpf73c36a4_5581_40ab_8e8e_2b85deb0737c/enkf_samples.m in C:/_WORK_SPACE/test_py/UKF/MATLAB/OT_codes/others/fig1codes/enkf_samples.m
2019-06-01 16:47:54 | Replacing C:/_WORK_SPACE/test_py/UKF/MATLAB/OT_codes/others/fig1codes with tpf73c36a4_5581_40ab_8e8e_2b85deb0737c in C:/_WORK_SPACE/test_py/UKF/MATLAB/OT_codes/others/fig1codes/eq_wsamples.m
2019-06-01 16:47:54 | Replacing C:/_WORK_SPACE/test_py/UKF/MATLAB/test/trainingUsingFilters_HPRC.m with tp54bc0298_9620_4518_b5c8_3e1513b78daf/trainingUsingFilters_HPRC.m in C:/_WORK_SPACE/test_py/UKF/MATLAB/test/trainingUsingFilters_HPRC.m
2019-06-01 16:47:54 | Created dependency map:
  C:/_WORK_SPACE/test_py/UKF/MATLAB/data/trained_NN_complete_data.mat -> /tmp/tpbbb6f2a7_59ad_42a7_b3dc_266c3087940drp26394/a/tp670c5770_1519_40f2_9ea9_ba4256a103da/trained_NN_complete_data.mat
  C:/_WORK_SPACE/test_py/UKF/MATLAB/utils/backprop.m -> /tmp/tpbbb6f2a7_59ad_42a7_b3dc_266c3087940drp26394/a/tpa2f2c99a_dab1_4557_b0b4_89a625293495/backprop.m
  C:/_WORK_SPACE/test_py/UKF/MATLAB/utils/biasup.m -> /tmp/tpbbb6f2a7_59ad_42a7_b3dc_266c3087940drp26394/a/tpa2f2c99a_dab1_4557_b0b4_89a625293495/biasup.m
  C:/_WORK_SPACE/test_py/UKF/MATLAB/utils/CderW.m -> /tmp/tpbbb6f2a7_59ad_42a7_b3dc_266c3087940drp26394/a/tpa2f2c99a_dab1_4557_b0b4_89a625293495/CderW.m
  C:/_WORK_SPACE/test_py/UKF/MATLAB/utils/EnKF.m -> /tmp/tpbbb6f2a7_59ad_42a7_b3dc_266c3087940drp26394/a/tpa2f2c99a_dab1_4557_b0b4_89a625293495/EnKF.m
  C:/_WORK_SPACE/test_py/UKF/MATLAB/utils/forwardprop.m -> /tmp/tpbbb6f2a7_59ad_42a7_b3dc_266c3087940drp26394/a/tpa2f2c99a_dab1_4557_b0b4_89a625293495/forwardprop.m
  C:/_WORK_SPACE/test_py/UKF/MATLAB/utils/getSigmaPts.m -> /tmp/tpbbb6f2a7_59ad_42a7_b3dc_266c3087940drp26394/a/tpa2f2c99a_dab1_4557_b0b4_89a625293495/getSigmaPts.m
  C:/_WORK_SPACE/test_py/UKF/MATLAB/utils/measModel.m -> /tmp/tpbbb6f2a7_59ad_42a7_b3dc_266c3087940drp26394/a/tpa2f2c99a_dab1_4557_b0b4_89a625293495/measModel.m
  C:/_WORK_SPACE/test_py/UKF/MATLAB/utils/multipleEpochEKF.m -> /tmp/tpbbb6f2a7_59ad_42a7_b3dc_266c3087940drp26394/a/tpa2f2c99a_dab1_4557_b0b4_89a625293495/multipleEpochEKF.m
  C:/_WORK_SPACE/test_py/UKF/MATLAB/utils/multipleEpochEKFv1.m -> /tmp/tpbbb6f2a7_59ad_42a7_b3dc_266c3087940drp26394/a/tpa2f2c99a_dab1_4557_b0b4_89a625293495/multipleEpochEKFv1.m
  C:/_WORK_SPACE/test_py/UKF/MATLAB/utils/multipleEpochEnKF.m -> /tmp/tpbbb6f2a7_59ad_42a7_b3dc_266c3087940drp26394/a/tpa2f2c99a_dab1_4557_b0b4_89a625293495/multipleEpochEnKF.m
  C:/_WORK_SPACE/test_py/UKF/MATLAB/utils/multipleEpochEnKFv1.m -> /tmp/tpbbb6f2a7_59ad_42a7_b3dc_266c3087940drp26394/a/tpa2f2c99a_dab1_4557_b0b4_89a625293495/multipleEpochEnKFv1.m
  C:/_WORK_SPACE/test_py/UKF/MATLAB/utils/multipleEpochOTF.m -> /tmp/tpbbb6f2a7_59ad_42a7_b3dc_266c3087940drp26394/a/tpa2f2c99a_dab1_4557_b0b4_89a625293495/multipleEpochOTF.m
  C:/_WORK_SPACE/test_py/UKF/MATLAB/utils/multipleEpochUKF.m -> /tmp/tpbbb6f2a7_59ad_42a7_b3dc_266c3087940drp26394/a/tpa2f2c99a_dab1_4557_b0b4_89a625293495/multipleEpochUKF.m
  C:/_WORK_SPACE/test_py/UKF/MATLAB/utils/multipleEpochUKFv1.m -> /tmp/tpbbb6f2a7_59ad_42a7_b3dc_266c3087940drp26394/a/tpa2f2c99a_dab1_4557_b0b4_89a625293495/multipleEpochUKFv1.m
  C:/_WORK_SPACE/test_py/UKF/MATLAB/utils/nn2param.m -> /tmp/tpbbb6f2a7_59ad_42a7_b3dc_266c3087940drp26394/a/tpa2f2c99a_dab1_4557_b0b4_89a625293495/nn2param.m
  C:/_WORK_SPACE/test_py/UKF/MATLAB/utils/NNconstruct.m -> /tmp/tpbbb6f2a7_59ad_42a7_b3dc_266c3087940drp26394/a/tpa2f2c99a_dab1_4557_b0b4_89a625293495/NNconstruct.m
  C:/_WORK_SPACE/test_py/UKF/MATLAB/utils/nnJacobian.m -> /tmp/tpbbb6f2a7_59ad_42a7_b3dc_266c3087940drp26394/a/tpa2f2c99a_dab1_4557_b0b4_89a625293495/nnJacobian.m
  C:/_WORK_SPACE/test_py/UKF/MATLAB/utils/OTF.m -> /tmp/tpbbb6f2a7_59ad_42a7_b3dc_266c3087940drp26394/a/tpa2f2c99a_dab1_4557_b0b4_89a625293495/OTF.m
  C:/_WORK_SPACE/test_py/UKF/MATLAB/utils/param2nn.m -> /tmp/tpbbb6f2a7_59ad_42a7_b3dc_266c3087940drp26394/a/tpa2f2c99a_dab1_4557_b0b4_89a625293495/param2nn.m
  C:/_WORK_SPACE/test_py/UKF/MATLAB/utils/sigmoid.m -> /tmp/tpbbb6f2a7_59ad_42a7_b3dc_266c3087940drp26394/a/tpa2f2c99a_dab1_4557_b0b4_89a625293495/sigmoid.m
  C:/_WORK_SPACE/test_py/UKF/MATLAB/utils/sigmoidot.m -> /tmp/tpbbb6f2a7_59ad_42a7_b3dc_266c3087940drp26394/a/tpa2f2c99a_dab1_4557_b0b4_89a625293495/sigmoidot.m
  C:/_WORK_SPACE/test_py/UKF/MATLAB/utils/weightbiasup.m -> /tmp/tpbbb6f2a7_59ad_42a7_b3dc_266c3087940drp26394/a/tpa2f2c99a_dab1_4557_b0b4_89a625293495/weightbiasup.m
  C:/_WORK_SPACE/test_py/UKF/MATLAB/utils/weightup.m -> /tmp/tpbbb6f2a7_59ad_42a7_b3dc_266c3087940drp26394/a/tpa2f2c99a_dab1_4557_b0b4_89a625293495/weightup.m
  C:/_WORK_SPACE/cvx/functions/vec_/vec.m -> /tmp/tpbbb6f2a7_59ad_42a7_b3dc_266c3087940drp26394/a/tp3c47bbf7_8a6a_405a_b0be_5809f0be3a11/vec.m
  C:/_WORK_SPACE/test_py/UKF/MATLAB/OT_codes/others/fig1codes/enkf_samples.m -> /tmp/tpbbb6f2a7_59ad_42a7_b3dc_266c3087940drp26394/a/tpf73c36a4_5581_40ab_8e8e_2b85deb0737c/enkf_samples.m
  C:/_WORK_SPACE/test_py/UKF/MATLAB/OT_codes/others/fig1codes/eq_wsamples.m -> /tmp/tpbbb6f2a7_59ad_42a7_b3dc_266c3087940drp26394/a/tpf73c36a4_5581_40ab_8e8e_2b85deb0737c/eq_wsamples.m
  C:/_WORK_SPACE/test_py/UKF/MATLAB/test/trainingUsingFilters_HPRC.m -> /tmp/tpbbb6f2a7_59ad_42a7_b3dc_266c3087940drp26394/a/tp54bc0298_9620_4518_b5c8_3e1513b78daf/trainingUsingFilters_HPRC.m

2019-06-01 16:47:54 | Calling clear('functions'), and closing simulink models
2019-06-01 16:47:55 | About to call jobStartup
2019-06-01 16:47:55 | About to push FileWriter on stack
2019-06-01 16:47:55 | FileWriter popped off stack
2019-06-01 16:47:55 | About to call taskStartup
2019-06-01 16:47:55 | About to push FileWriter on stack
2019-06-01 16:47:55 | FileWriter popped off stack
2019-06-01 16:47:55 | About to get evaluation data
2019-06-01 16:47:55 | Begin task function
2019-06-01 16:47:55 | About to push FileWriter on stack
2019-06-01 16:52:36 | FileWriter popped off stack
2019-06-01 16:52:36 | End task function
2019-06-01 16:52:36 | dctEvaluateFunctionArray calling: @()taskPostFcn(runprop.TaskEvaluator) with args
2019-06-01 16:52:36 | About to call taskFinish
2019-06-01 16:52:36 | About to push FileWriter on stack
2019-06-01 16:52:36 | FileWriter popped off stack
2019-06-01 16:52:36 | dctEvaluateFunctionArray done.
2019-06-01 16:52:36 | dctEvaluateFunctionArray calling: iFinishTask with args
2019-06-01 16:52:37 | About to call pPostTaskEvaluate
Warning: The system time zone setting, 'US/Central', does not specify a single time zone unambiguously. It will be treated as 'America/Chicago'. See the <a href="matlab:doc('datetime.TimeZone')">datetime.TimeZone property</a> for details about specifying time zones.
> In verifyTimeZone (line 23)
  In datetime (line 515)
  In parallel.task.CJSTask/pPostTaskEvaluate (line 200)
  In distcomp_evaluate_filetask_core>iFinishTask (line 183)
  In distcomp_evaluate_filetask_core>@(job,task,out)iFinishTask(handlers,job,task,out,originalPath) (line 152)
  In dctEvaluateTask>iFinishTask (line 114)
  In dctEvaluateFunctionArray (line 18)
  In dctEvaluateTask (line 101)
  In distcomp_evaluate_filetask_core>iDoTask (line 153)
  In distcomp_evaluate_filetask_core (line 52)
2019-06-01 16:52:37 | About to call pPostJobEvaluate
2019-06-01 16:52:37 | dctEvaluateFunctionArray done.
2019-06-01 16:52:37 | dctEvaluateFunctionArray calling: removeDirectory with args
2019-06-01 16:52:37 | dctEvaluateFunctionArray done.
2019-06-01 16:52:37 | dctEvaluateFunctionArray calling: removeDirectory with args
2019-06-01 16:52:37 | Removed /tmp/tpbbb6f2a7_59ad_42a7_b3dc_266c3087940drp26394 with result: 1, message: 
2019-06-01 16:52:37 | dctEvaluateFunctionArray done.
2019-06-01 16:52:37 | dctEvaluateFunctionArray calling: iExitFunction with args
2019-06-01 16:52:37 | About to exit MATLAB normally
2019-06-01 16:52:37 | About to exit with code: 0

------------------------------------------------------------
Sender: LSF System <lsfadmin@nxt1963>
Subject: Job 8374566: <Job6.1> in cluster <Main_Compute> Done

Job <Job6.1> was submitted from host <login2> by user <vedang.deshpande> in cluster <Main_Compute>.
Job was executed on host(s) <1*nxt1963>, in queue <mn_short>, as user <vedang.deshpande> in cluster <Main_Compute>.
                            <1*nxt1951>
                            <1*nxt1604>
                            <1*nxt1270>
                            <1*nxt1822>
                            <1*nxt1104>
                            <1*nxt1547>
                            <1*nxt1748>
                            <1*nxt1224>
                            <1*nxt2055>
                            <1*nxt1901>
                            <1*nxt1615>
                            <1*nxt1237>
                            <1*nxt2113>
                            <1*nxt1957>
                            <1*nxt1141>
</home/vedang.deshpande> was used as the home directory.
</general/home/vedang.deshpande> was used as the working directory.
Started at Sat Jun  1 16:46:44 2019
Results reported on Sat Jun  1 16:52:38 2019

Your job looked like:

------------------------------------------------------------
# LSBATCH: User input
/scratch/user/vedang.deshpande/MatlabJobs/TAMUREMOTE/Job6/rindependentJobWrapper.sh
------------------------------------------------------------

Successfully completed.

Resource usage summary:

    CPU time :                                   3553.84 sec.
    Max Memory :                                 488 MB
    Average Memory :                             436.55 MB
    Total Requested Memory :                     32000.00 MB
    Delta Memory :                               31512.00 MB
    Max Processes :                              3
    Max Threads :                                56

The output (if any) is above this job summary.

