Executing: /software/hprc/Matlab/R2017a/bin/worker 

                            < M A T L A B (R) >
                  Copyright 1984-2017 The MathWorks, Inc.
                   R2017a (9.2.0.538062) 64-bit (glnxa64)
                             February 23, 2017

 
To get started, type one of these: helpwin, helpdesk, or demo.
For product information, visit www.mathworks.com.
 
2019-06-01 17:11:52 | About to evaluate task with DistcompEvaluateFileTask
2019-06-01 17:11:52 | Enter distcomp_evaluate_filetask_core
2019-06-01 17:11:52 | Enter distcomp_evaluate_filetask_core/iSetup
2019-06-01 17:11:52 | This process will exit on any fault.
2019-06-01 17:11:52 | This process will exit when its parent process dies.
2019-06-01 17:11:52 | About to call decode function.
2019-06-01 17:11:52 | In parallel.cluster.generic.independentDecodeFcn
2019-06-01 17:11:53 | Setting the desktop client to a new client with username 
2019-06-01 17:11:53 | About to construct the storage object using constructor "makeFileStorageObject" and location "/scratch/user/vedang.deshpande/MatlabJobs/TAMUREMOTE"
2019-06-01 17:11:54 | About to find job and task using locations "Job10" and "Job10/Task1"
2019-06-01 17:11:55 | Setting the TaskEvaluator to the CJSStreamingEvaluator
2019-06-01 17:11:55 | Setting number of computational threads to 16.
2019-06-01 17:11:55 | MATLAB Drive Enabled 0
2019-06-01 17:11:55 | Completed pre-execution phase
2019-06-01 17:11:55 | About to pPreJobEvaluate
Warning: The system time zone setting, 'US/Central', does not specify a single time zone unambiguously. It will be treated as 'America/Chicago'. See the <a href="matlab:doc('datetime.TimeZone')">datetime.TimeZone property</a> for details about specifying time zones.
> In verifyTimeZone (line 23)
  In datetime (line 515)
  In preCJSJob
  In parallel.job.CJSIndependentJob/pPreJobEvaluate (line 121)
  In dctEvaluateTask (line 23)
  In distcomp_evaluate_filetask_core>iDoTask (line 153)
  In distcomp_evaluate_filetask_core (line 52)
2019-06-01 17:11:55 | About to pPreTaskEvaluate
2019-06-01 17:11:55 | About to add job dependencies
2019-06-01 17:11:55 | > JobPathHelper.addAdditionalPaths
2019-06-01 17:11:55 | > JobPathHelper.getPathsToAdd
2019-06-01 17:11:55 | < JobPathHelper.getPathsToAdd ~isMATLABDriveEnabledOnWorker
2019-06-01 17:11:55 | Not adding path dependencies as there is no change required to the path.
2019-06-01 17:11:55 | < JobPathHelper.addAdditionalPaths
2019-06-01 17:11:56 | About to add dependencies to path:
C:/_WORK_SPACE/test_py/UKF/MATLAB/data/trained_NN_complete_data.mat
C:/_WORK_SPACE/test_py/UKF/MATLAB/utils/backprop.m
C:/_WORK_SPACE/test_py/UKF/MATLAB/utils/biasup.m
C:/_WORK_SPACE/test_py/UKF/MATLAB/utils/CderW.m
C:/_WORK_SPACE/test_py/UKF/MATLAB/utils/EnKF.m
C:/_WORK_SPACE/test_py/UKF/MATLAB/utils/forwardprop.m
C:/_WORK_SPACE/test_py/UKF/MATLAB/utils/getSigmaPts.m
C:/_WORK_SPACE/test_py/UKF/MATLAB/utils/measModel.m
C:/_WORK_SPACE/test_py/UKF/MATLAB/utils/multipleEpochEKF.m
C:/_WORK_SPACE/test_py/UKF/MATLAB/utils/multipleEpochEKFv1.m
C:/_WORK_SPACE/test_py/UKF/MATLAB/utils/multipleEpochEnKF.m
C:/_WORK_SPACE/test_py/UKF/MATLAB/utils/multipleEpochEnKFv1.m
C:/_WORK_SPACE/test_py/UKF/MATLAB/utils/multipleEpochOTF.m
C:/_WORK_SPACE/test_py/UKF/MATLAB/utils/multipleEpochUKF.m
C:/_WORK_SPACE/test_py/UKF/MATLAB/utils/multipleEpochUKFv1.m
C:/_WORK_SPACE/test_py/UKF/MATLAB/utils/nn2param.m
C:/_WORK_SPACE/test_py/UKF/MATLAB/utils/NNconstruct.m
C:/_WORK_SPACE/test_py/UKF/MATLAB/utils/nnJacobian.m
C:/_WORK_SPACE/test_py/UKF/MATLAB/utils/OTF.m
C:/_WORK_SPACE/test_py/UKF/MATLAB/utils/param2nn.m
C:/_WORK_SPACE/test_py/UKF/MATLAB/utils/sigmoid.m
C:/_WORK_SPACE/test_py/UKF/MATLAB/utils/sigmoidot.m
C:/_WORK_SPACE/test_py/UKF/MATLAB/utils/weightbiasup.m
C:/_WORK_SPACE/test_py/UKF/MATLAB/utils/weightup.m
C:/_WORK_SPACE/cvx/functions/vec_/vec.m
C:/_WORK_SPACE/test_py/UKF/MATLAB/OT_codes/others/fig1codes/enkf_samples.m
C:/_WORK_SPACE/test_py/UKF/MATLAB/OT_codes/others/fig1codes/eq_wsamples.m
C:/_WORK_SPACE/test_py/UKF/MATLAB/test/trainingUsingFilters_HPRC.m

2019-06-01 17:11:56 | Adding dependency paths:
/tmp/tp21b117f0_a216_40d2_818c_1e1218e9093frp29879/a/tpe2c01ca7_1237_4724_8449_883ae912eb1e
/tmp/tp21b117f0_a216_40d2_818c_1e1218e9093frp29879/a/tpe2c01ca7_1237_4724_8449_883ae912eb1e/vec.m
/tmp/tp21b117f0_a216_40d2_818c_1e1218e9093frp29879/a/tp3a81d7e0_fdc7_4e7a_82b4_e1b680390f73
/tmp/tp21b117f0_a216_40d2_818c_1e1218e9093frp29879/a/tp3a81d7e0_fdc7_4e7a_82b4_e1b680390f73/enkf_samples.m
/tmp/tp21b117f0_a216_40d2_818c_1e1218e9093frp29879/a/tpc119fbd9_b876_45fa_8119_b329c134208b
/tmp/tp21b117f0_a216_40d2_818c_1e1218e9093frp29879/a/tpc119fbd9_b876_45fa_8119_b329c134208b/trained_NN_complete_data.mat
/tmp/tp21b117f0_a216_40d2_818c_1e1218e9093frp29879/a/tpb8d7938b_1977_4329_9950_62b891531518
/tmp/tp21b117f0_a216_40d2_818c_1e1218e9093frp29879/a/tpb8d7938b_1977_4329_9950_62b891531518/trainingUsingFilters_HPRC.m
/tmp/tp21b117f0_a216_40d2_818c_1e1218e9093frp29879/a/tp7b3356fe_a362_425f_a525_1d1d8886db8b
/tmp/tp21b117f0_a216_40d2_818c_1e1218e9093frp29879/a/tp7b3356fe_a362_425f_a525_1d1d8886db8b/CderW.m

2019-06-01 17:11:56 | Replacing C:/_WORK_SPACE/test_py/UKF/MATLAB/data/trained_NN_complete_data.mat with tpc119fbd9_b876_45fa_8119_b329c134208b/trained_NN_complete_data.mat in C:/_WORK_SPACE/test_py/UKF/MATLAB/data/trained_NN_complete_data.mat
2019-06-01 17:11:56 | Replacing C:/_WORK_SPACE/test_py/UKF/MATLAB/utils with tp7b3356fe_a362_425f_a525_1d1d8886db8b in C:/_WORK_SPACE/test_py/UKF/MATLAB/utils/backprop.m
2019-06-01 17:11:56 | Replacing C:/_WORK_SPACE/test_py/UKF/MATLAB/utils with tp7b3356fe_a362_425f_a525_1d1d8886db8b in C:/_WORK_SPACE/test_py/UKF/MATLAB/utils/biasup.m
2019-06-01 17:11:56 | Replacing C:/_WORK_SPACE/test_py/UKF/MATLAB/utils/CderW.m with tp7b3356fe_a362_425f_a525_1d1d8886db8b/CderW.m in C:/_WORK_SPACE/test_py/UKF/MATLAB/utils/CderW.m
2019-06-01 17:11:56 | Replacing C:/_WORK_SPACE/test_py/UKF/MATLAB/utils with tp7b3356fe_a362_425f_a525_1d1d8886db8b in C:/_WORK_SPACE/test_py/UKF/MATLAB/utils/EnKF.m
2019-06-01 17:11:56 | Replacing C:/_WORK_SPACE/test_py/UKF/MATLAB/utils with tp7b3356fe_a362_425f_a525_1d1d8886db8b in C:/_WORK_SPACE/test_py/UKF/MATLAB/utils/forwardprop.m
2019-06-01 17:11:56 | Replacing C:/_WORK_SPACE/test_py/UKF/MATLAB/utils with tp7b3356fe_a362_425f_a525_1d1d8886db8b in C:/_WORK_SPACE/test_py/UKF/MATLAB/utils/getSigmaPts.m
2019-06-01 17:11:56 | Replacing C:/_WORK_SPACE/test_py/UKF/MATLAB/utils with tp7b3356fe_a362_425f_a525_1d1d8886db8b in C:/_WORK_SPACE/test_py/UKF/MATLAB/utils/measModel.m
2019-06-01 17:11:56 | Replacing C:/_WORK_SPACE/test_py/UKF/MATLAB/utils with tp7b3356fe_a362_425f_a525_1d1d8886db8b in C:/_WORK_SPACE/test_py/UKF/MATLAB/utils/multipleEpochEKF.m
2019-06-01 17:11:56 | Replacing C:/_WORK_SPACE/test_py/UKF/MATLAB/utils with tp7b3356fe_a362_425f_a525_1d1d8886db8b in C:/_WORK_SPACE/test_py/UKF/MATLAB/utils/multipleEpochEKFv1.m
2019-06-01 17:11:56 | Replacing C:/_WORK_SPACE/test_py/UKF/MATLAB/utils with tp7b3356fe_a362_425f_a525_1d1d8886db8b in C:/_WORK_SPACE/test_py/UKF/MATLAB/utils/multipleEpochEnKF.m
2019-06-01 17:11:56 | Replacing C:/_WORK_SPACE/test_py/UKF/MATLAB/utils with tp7b3356fe_a362_425f_a525_1d1d8886db8b in C:/_WORK_SPACE/test_py/UKF/MATLAB/utils/multipleEpochEnKFv1.m
2019-06-01 17:11:56 | Replacing C:/_WORK_SPACE/test_py/UKF/MATLAB/utils with tp7b3356fe_a362_425f_a525_1d1d8886db8b in C:/_WORK_SPACE/test_py/UKF/MATLAB/utils/multipleEpochOTF.m
2019-06-01 17:11:56 | Replacing C:/_WORK_SPACE/test_py/UKF/MATLAB/utils with tp7b3356fe_a362_425f_a525_1d1d8886db8b in C:/_WORK_SPACE/test_py/UKF/MATLAB/utils/multipleEpochUKF.m
2019-06-01 17:11:56 | Replacing C:/_WORK_SPACE/test_py/UKF/MATLAB/utils with tp7b3356fe_a362_425f_a525_1d1d8886db8b in C:/_WORK_SPACE/test_py/UKF/MATLAB/utils/multipleEpochUKFv1.m
2019-06-01 17:11:56 | Replacing C:/_WORK_SPACE/test_py/UKF/MATLAB/utils with tp7b3356fe_a362_425f_a525_1d1d8886db8b in C:/_WORK_SPACE/test_py/UKF/MATLAB/utils/nn2param.m
2019-06-01 17:11:56 | Replacing C:/_WORK_SPACE/test_py/UKF/MATLAB/utils with tp7b3356fe_a362_425f_a525_1d1d8886db8b in C:/_WORK_SPACE/test_py/UKF/MATLAB/utils/NNconstruct.m
2019-06-01 17:11:56 | Replacing C:/_WORK_SPACE/test_py/UKF/MATLAB/utils with tp7b3356fe_a362_425f_a525_1d1d8886db8b in C:/_WORK_SPACE/test_py/UKF/MATLAB/utils/nnJacobian.m
2019-06-01 17:11:56 | Replacing C:/_WORK_SPACE/test_py/UKF/MATLAB/utils with tp7b3356fe_a362_425f_a525_1d1d8886db8b in C:/_WORK_SPACE/test_py/UKF/MATLAB/utils/OTF.m
2019-06-01 17:11:56 | Replacing C:/_WORK_SPACE/test_py/UKF/MATLAB/utils with tp7b3356fe_a362_425f_a525_1d1d8886db8b in C:/_WORK_SPACE/test_py/UKF/MATLAB/utils/param2nn.m
2019-06-01 17:11:56 | Replacing C:/_WORK_SPACE/test_py/UKF/MATLAB/utils with tp7b3356fe_a362_425f_a525_1d1d8886db8b in C:/_WORK_SPACE/test_py/UKF/MATLAB/utils/sigmoid.m
2019-06-01 17:11:56 | Replacing C:/_WORK_SPACE/test_py/UKF/MATLAB/utils with tp7b3356fe_a362_425f_a525_1d1d8886db8b in C:/_WORK_SPACE/test_py/UKF/MATLAB/utils/sigmoidot.m
2019-06-01 17:11:56 | Replacing C:/_WORK_SPACE/test_py/UKF/MATLAB/utils with tp7b3356fe_a362_425f_a525_1d1d8886db8b in C:/_WORK_SPACE/test_py/UKF/MATLAB/utils/weightbiasup.m
2019-06-01 17:11:56 | Replacing C:/_WORK_SPACE/test_py/UKF/MATLAB/utils with tp7b3356fe_a362_425f_a525_1d1d8886db8b in C:/_WORK_SPACE/test_py/UKF/MATLAB/utils/weightup.m
2019-06-01 17:11:56 | Replacing C:/_WORK_SPACE/cvx/functions/vec_/vec.m with tpe2c01ca7_1237_4724_8449_883ae912eb1e/vec.m in C:/_WORK_SPACE/cvx/functions/vec_/vec.m
2019-06-01 17:11:56 | Replacing C:/_WORK_SPACE/test_py/UKF/MATLAB/OT_codes/others/fig1codes/enkf_samples.m with tp3a81d7e0_fdc7_4e7a_82b4_e1b680390f73/enkf_samples.m in C:/_WORK_SPACE/test_py/UKF/MATLAB/OT_codes/others/fig1codes/enkf_samples.m
2019-06-01 17:11:56 | Replacing C:/_WORK_SPACE/test_py/UKF/MATLAB/OT_codes/others/fig1codes with tp3a81d7e0_fdc7_4e7a_82b4_e1b680390f73 in C:/_WORK_SPACE/test_py/UKF/MATLAB/OT_codes/others/fig1codes/eq_wsamples.m
2019-06-01 17:11:56 | Replacing C:/_WORK_SPACE/test_py/UKF/MATLAB/test/trainingUsingFilters_HPRC.m with tpb8d7938b_1977_4329_9950_62b891531518/trainingUsingFilters_HPRC.m in C:/_WORK_SPACE/test_py/UKF/MATLAB/test/trainingUsingFilters_HPRC.m
2019-06-01 17:11:56 | Created dependency map:
  C:/_WORK_SPACE/test_py/UKF/MATLAB/data/trained_NN_complete_data.mat -> /tmp/tp21b117f0_a216_40d2_818c_1e1218e9093frp29879/a/tpc119fbd9_b876_45fa_8119_b329c134208b/trained_NN_complete_data.mat
  C:/_WORK_SPACE/test_py/UKF/MATLAB/utils/backprop.m -> /tmp/tp21b117f0_a216_40d2_818c_1e1218e9093frp29879/a/tp7b3356fe_a362_425f_a525_1d1d8886db8b/backprop.m
  C:/_WORK_SPACE/test_py/UKF/MATLAB/utils/biasup.m -> /tmp/tp21b117f0_a216_40d2_818c_1e1218e9093frp29879/a/tp7b3356fe_a362_425f_a525_1d1d8886db8b/biasup.m
  C:/_WORK_SPACE/test_py/UKF/MATLAB/utils/CderW.m -> /tmp/tp21b117f0_a216_40d2_818c_1e1218e9093frp29879/a/tp7b3356fe_a362_425f_a525_1d1d8886db8b/CderW.m
  C:/_WORK_SPACE/test_py/UKF/MATLAB/utils/EnKF.m -> /tmp/tp21b117f0_a216_40d2_818c_1e1218e9093frp29879/a/tp7b3356fe_a362_425f_a525_1d1d8886db8b/EnKF.m
  C:/_WORK_SPACE/test_py/UKF/MATLAB/utils/forwardprop.m -> /tmp/tp21b117f0_a216_40d2_818c_1e1218e9093frp29879/a/tp7b3356fe_a362_425f_a525_1d1d8886db8b/forwardprop.m
  C:/_WORK_SPACE/test_py/UKF/MATLAB/utils/getSigmaPts.m -> /tmp/tp21b117f0_a216_40d2_818c_1e1218e9093frp29879/a/tp7b3356fe_a362_425f_a525_1d1d8886db8b/getSigmaPts.m
  C:/_WORK_SPACE/test_py/UKF/MATLAB/utils/measModel.m -> /tmp/tp21b117f0_a216_40d2_818c_1e1218e9093frp29879/a/tp7b3356fe_a362_425f_a525_1d1d8886db8b/measModel.m
  C:/_WORK_SPACE/test_py/UKF/MATLAB/utils/multipleEpochEKF.m -> /tmp/tp21b117f0_a216_40d2_818c_1e1218e9093frp29879/a/tp7b3356fe_a362_425f_a525_1d1d8886db8b/multipleEpochEKF.m
  C:/_WORK_SPACE/test_py/UKF/MATLAB/utils/multipleEpochEKFv1.m -> /tmp/tp21b117f0_a216_40d2_818c_1e1218e9093frp29879/a/tp7b3356fe_a362_425f_a525_1d1d8886db8b/multipleEpochEKFv1.m
  C:/_WORK_SPACE/test_py/UKF/MATLAB/utils/multipleEpochEnKF.m -> /tmp/tp21b117f0_a216_40d2_818c_1e1218e9093frp29879/a/tp7b3356fe_a362_425f_a525_1d1d8886db8b/multipleEpochEnKF.m
  C:/_WORK_SPACE/test_py/UKF/MATLAB/utils/multipleEpochEnKFv1.m -> /tmp/tp21b117f0_a216_40d2_818c_1e1218e9093frp29879/a/tp7b3356fe_a362_425f_a525_1d1d8886db8b/multipleEpochEnKFv1.m
  C:/_WORK_SPACE/test_py/UKF/MATLAB/utils/multipleEpochOTF.m -> /tmp/tp21b117f0_a216_40d2_818c_1e1218e9093frp29879/a/tp7b3356fe_a362_425f_a525_1d1d8886db8b/multipleEpochOTF.m
  C:/_WORK_SPACE/test_py/UKF/MATLAB/utils/multipleEpochUKF.m -> /tmp/tp21b117f0_a216_40d2_818c_1e1218e9093frp29879/a/tp7b3356fe_a362_425f_a525_1d1d8886db8b/multipleEpochUKF.m
  C:/_WORK_SPACE/test_py/UKF/MATLAB/utils/multipleEpochUKFv1.m -> /tmp/tp21b117f0_a216_40d2_818c_1e1218e9093frp29879/a/tp7b3356fe_a362_425f_a525_1d1d8886db8b/multipleEpochUKFv1.m
  C:/_WORK_SPACE/test_py/UKF/MATLAB/utils/nn2param.m -> /tmp/tp21b117f0_a216_40d2_818c_1e1218e9093frp29879/a/tp7b3356fe_a362_425f_a525_1d1d8886db8b/nn2param.m
  C:/_WORK_SPACE/test_py/UKF/MATLAB/utils/NNconstruct.m -> /tmp/tp21b117f0_a216_40d2_818c_1e1218e9093frp29879/a/tp7b3356fe_a362_425f_a525_1d1d8886db8b/NNconstruct.m
  C:/_WORK_SPACE/test_py/UKF/MATLAB/utils/nnJacobian.m -> /tmp/tp21b117f0_a216_40d2_818c_1e1218e9093frp29879/a/tp7b3356fe_a362_425f_a525_1d1d8886db8b/nnJacobian.m
  C:/_WORK_SPACE/test_py/UKF/MATLAB/utils/OTF.m -> /tmp/tp21b117f0_a216_40d2_818c_1e1218e9093frp29879/a/tp7b3356fe_a362_425f_a525_1d1d8886db8b/OTF.m
  C:/_WORK_SPACE/test_py/UKF/MATLAB/utils/param2nn.m -> /tmp/tp21b117f0_a216_40d2_818c_1e1218e9093frp29879/a/tp7b3356fe_a362_425f_a525_1d1d8886db8b/param2nn.m
  C:/_WORK_SPACE/test_py/UKF/MATLAB/utils/sigmoid.m -> /tmp/tp21b117f0_a216_40d2_818c_1e1218e9093frp29879/a/tp7b3356fe_a362_425f_a525_1d1d8886db8b/sigmoid.m
  C:/_WORK_SPACE/test_py/UKF/MATLAB/utils/sigmoidot.m -> /tmp/tp21b117f0_a216_40d2_818c_1e1218e9093frp29879/a/tp7b3356fe_a362_425f_a525_1d1d8886db8b/sigmoidot.m
  C:/_WORK_SPACE/test_py/UKF/MATLAB/utils/weightbiasup.m -> /tmp/tp21b117f0_a216_40d2_818c_1e1218e9093frp29879/a/tp7b3356fe_a362_425f_a525_1d1d8886db8b/weightbiasup.m
  C:/_WORK_SPACE/test_py/UKF/MATLAB/utils/weightup.m -> /tmp/tp21b117f0_a216_40d2_818c_1e1218e9093frp29879/a/tp7b3356fe_a362_425f_a525_1d1d8886db8b/weightup.m
  C:/_WORK_SPACE/cvx/functions/vec_/vec.m -> /tmp/tp21b117f0_a216_40d2_818c_1e1218e9093frp29879/a/tpe2c01ca7_1237_4724_8449_883ae912eb1e/vec.m
  C:/_WORK_SPACE/test_py/UKF/MATLAB/OT_codes/others/fig1codes/enkf_samples.m -> /tmp/tp21b117f0_a216_40d2_818c_1e1218e9093frp29879/a/tp3a81d7e0_fdc7_4e7a_82b4_e1b680390f73/enkf_samples.m
  C:/_WORK_SPACE/test_py/UKF/MATLAB/OT_codes/others/fig1codes/eq_wsamples.m -> /tmp/tp21b117f0_a216_40d2_818c_1e1218e9093frp29879/a/tp3a81d7e0_fdc7_4e7a_82b4_e1b680390f73/eq_wsamples.m
  C:/_WORK_SPACE/test_py/UKF/MATLAB/test/trainingUsingFilters_HPRC.m -> /tmp/tp21b117f0_a216_40d2_818c_1e1218e9093frp29879/a/tpb8d7938b_1977_4329_9950_62b891531518/trainingUsingFilters_HPRC.m

2019-06-01 17:11:56 | Calling clear('functions'), and closing simulink models
2019-06-01 17:11:56 | About to call jobStartup
2019-06-01 17:11:56 | About to push FileWriter on stack
2019-06-01 17:11:56 | FileWriter popped off stack
2019-06-01 17:11:56 | About to call taskStartup
2019-06-01 17:11:56 | About to push FileWriter on stack
2019-06-01 17:11:56 | FileWriter popped off stack
2019-06-01 17:11:56 | About to get evaluation data
2019-06-01 17:11:57 | Begin task function
2019-06-01 17:11:57 | About to push FileWriter on stack
/home/vedang.deshpande/.lsbatch/1559427093.8374576: line 8: 29879 Bus error               (core dumped) /scratch/user/vedang.deshpande/MatlabJobs/TAMUREMOTE/Job10/rindependentJobWrapper.sh

------------------------------------------------------------
Sender: LSF System <lsfadmin@nxt1963>
Subject: Job 8374576: <Job10.1> in cluster <Main_Compute> Exited

Job <Job10.1> was submitted from host <login2> by user <vedang.deshpande> in cluster <Main_Compute>.
Job was executed on host(s) <1*nxt1963>, in queue <mn_small>, as user <vedang.deshpande> in cluster <Main_Compute>.
                            <1*nxt1743>
                            <1*nxt2050>
                            <1*nxt1270>
                            <1*nxt1822>
                            <1*nxt1547>
                            <1*nxt1748>
                            <1*nxt1224>
                            <1*nxt2055>
                            <1*nxt1901>
                            <1*nxt1141>
                            <1*nxt1237>
                            <1*nxt1661>
                            <1*nxt1104>
                            <1*nxt1929>
                            <1*nxt1612>
</home/vedang.deshpande> was used as the home directory.
</general/home/vedang.deshpande> was used as the working directory.
Started at Sat Jun  1 17:11:34 2019
Results reported on Sat Jun  1 17:12:07 2019

Your job looked like:

------------------------------------------------------------
# LSBATCH: User input
/scratch/user/vedang.deshpande/MatlabJobs/TAMUREMOTE/Job10/rindependentJobWrapper.sh
------------------------------------------------------------

Exited with exit code 135.

Resource usage summary:

    CPU time :                                   25.35 sec.
    Max Memory :                                 2000 MB
    Average Memory :                             607.80 MB
    Total Requested Memory :                     32000.00 MB
    Delta Memory :                               30000.00 MB
    Max Processes :                              3
    Max Threads :                                56

The output (if any) is above this job summary.

